Change Component DesignItemId : Designator=DD1 Old DesignItemId=STM32WB55VY New DesignItemId=STM32WB55VC
Change Component Footprint: Designator=DD1 Old Footprint=LQFP-100 New Footprint=WLCSP-100
Change Component Comment : Designator=DD1 Old Comment=STM32WB55VY New Comment=STM32WB55VC
Change Component Library : Designator=DD1 Old Library= New Library=MCU GOST.SchLib
Added Pin To Net: NetName=USB_D_N Pin=DD1-A1
Added Pin To Net: NetName=USB_D_P Pin=DD1-A2
Added Pin To Net: NetName=SWCLK Pin=DD1-A3
Added Pin To Net: NetName=SWDIO Pin=DD1-A5
Added Pin To Net: NetName=N_CD_Battery Pin=DD1-A6
Added Pin To Net: NetName=LSCTRL_Battery Pin=DD1-A8
Added Pin To Net: NetName=N_RST_Battery Pin=DD1-A9
Added Pin To Net: NetName=VDD_Digital Pin=DD1-A10
Added Pin To Net: NetName=VDD_Digital Pin=DD1-B1
Added Pin To Net: NetName=GND_Digital Pin=DD1-B2
Added Pin To Net: NetName=VDD_Digital Pin=DD1-B3
Added Pin To Net: NetName=GND_Digital Pin=DD1-B9
Added Pin To Net: NetName=DAC_PWM_Signal Pin=DD1-B10
Added Pin To Net: NetName=SCL_Battery Pin=DD1-C1
Added Pin To Net: NetName=INT_Battery Pin=DD1-C2
Added Pin To Net: NetName=SDA_Battery Pin=DD1-C7
Added Pin To Net: NetName=VDD_Bat Pin=DD1-C10
Added Pin To Net: NetName=VDD_Digital Pin=DD1-D1
Added Pin To Net: NetName=NetC3_1 Pin=DD1-D9
Added Pin To Net: NetName=NetC2_1 Pin=DD1-D10
Added Pin To Net: NetName=NetDD1_E1 Pin=DD1-E1
Added Pin To Net: NetName=REF_EN Pin=DD1-E10
Added Pin To Net: NetName=GND_Digital Pin=DD1-F1
Added Pin To Net: NetName=NetC11_1 Pin=DD1-F2
Added Pin To Net: NetName=N_RST Pin=DD1-F9
Added Pin To Net: NetName=GEN_EN Pin=DD1-F10
Added Pin To Net: NetName=ADC_Signal Pin=DD1-G10
Added Pin To Net: NetName=VDD_Analog Pin=DD1-H8
Added Pin To Net: NetName=VDD_Analog Pin=DD1-H9
Added Pin To Net: NetName=GND_Analog Pin=DD1-H10
Added Pin To Net: NetName=NetDD1_J1 Pin=DD1-J1
Added Pin To Net: NetName=NetDD1_J2 Pin=DD1-J2
Added Pin To Net: NetName=VDD_Digital Pin=DD1-J3
Added Pin To Net: NetName=GND_Digital Pin=DD1-J4
Added Pin To Net: NetName=GND_Digital Pin=DD1-J5
Added Pin To Net: NetName=GND_Digital Pin=DD1-J9
Added Pin To Net: NetName=VDD_Digital Pin=DD1-J10
Added Pin To Net: NetName=GND_Digital Pin=DD1-K1
Added Pin To Net: NetName=GND_Digital Pin=DD1-K2
Added Pin To Net: NetName=GND_Digital Pin=DD1-K3
Added Pin To Net: NetName=RF_line_50_Ohm Pin=DD1-K4
Added Pin To Net: NetName=VDD_Digital Pin=DD1-K5
