Removed Pin From Net: NetName=NetC2_1 Pin=C2-1
Removed Pin From Net: NetName=NetC2_1 Pin=ZQ1-2
Change Component Designator: OldDesignator=C1 NewDesignator=C2
Change Component Designator: OldDesignator=C2 NewDesignator=C3
Change Component Designator: OldDesignator=C3 NewDesignator=C4
Change Component Designator: OldDesignator=C4 NewDesignator=C5
Change Component Designator: OldDesignator=C5 NewDesignator=C6
Change Component Designator: OldDesignator=C6 NewDesignator=C7
Change Component Designator: OldDesignator=C7 NewDesignator=C8
Change Component Designator: OldDesignator=C8 NewDesignator=C9
Change Component Designator: OldDesignator=C9 NewDesignator=C10
Change Component Designator: OldDesignator=C10 NewDesignator=C11
Change Component Designator: OldDesignator=C11 NewDesignator=C12
Change Component Designator: OldDesignator=C12 NewDesignator=C13
Change Component Designator: OldDesignator=C13 NewDesignator=C14
Change Component Designator: OldDesignator=C14 NewDesignator=C15
Change Component Designator: OldDesignator=C15 NewDesignator=C16
Change Component Designator: OldDesignator=C16 NewDesignator=C17
Change Component Designator: OldDesignator=C17 NewDesignator=C18
Change Component Designator: OldDesignator=C18 NewDesignator=C19
Change Component Designator: OldDesignator=C19 NewDesignator=C20
Change Component Designator: OldDesignator=C20 NewDesignator=C21
Change Component Designator: OldDesignator=C21 NewDesignator=C22
Change Component Designator: OldDesignator=C22 NewDesignator=C23
Change Component Designator: OldDesignator=C23 NewDesignator=C24
Change Component Designator: OldDesignator=C24 NewDesignator=C25
Change Component Designator: OldDesignator=DA1 NewDesignator=DA2
Change Component Designator: OldDesignator=DA2 NewDesignator=DA3
Change Component Designator: OldDesignator=DA3 NewDesignator=DA4
Change Component Designator: OldDesignator=DA4 NewDesignator=DA5
Added Component: Designator=C1(C0201)
Add component. Clean all parameters for all variants
Add component (AddParameter): Name = "Published"; Value = "18.05.2010"; VariantName = "[No Variations]"
Add component (AddParameter): Name = "Publisher"; Value = "Andrew Danich"; VariantName = "[No Variations]"
Add component (AddParameter): Name = "Type"; Value = "Конденсатор"; VariantName = "[No Variations]"
Add component (AddParameter): Name = "Value"; Value = "0.1u"; VariantName = "[No Variations]"
Add component (AddParameter): Name = "Voltage"; Value = "16V"; VariantName = "[No Variations]"
Added Component: Designator=DA1(SC70-5)
Add component. Clean all parameters for all variants
Add component (AddParameter): Name = "Name"; Value = "TPS79718QDCKRQ1"; VariantName = "[No Variations]"
Add component (AddParameter): Name = "Published"; Value = "21.01.2015"; VariantName = "[No Variations]"
Add component (AddParameter): Name = "Publisher"; Value = "Andrew Danich"; VariantName = "[No Variations]"
Add component (AddParameter): Name = "Type"; Value = "Микросхема"; VariantName = "[No Variations]"
Add component (AddParameter): Name = "Value"; Value = "1.8V"; VariantName = "[No Variations]"
Added Pin To Net: NetName=GND_Digital Pin=C1-2
Added Pin To Net: NetName=NetC2_1 Pin=C2-1
Added Pin To Net: NetName=N_RST Pin=DA1-1
Added Pin To Net: NetName=GND_Digital Pin=DA1-2
Added Pin To Net: NetName=V_Battery Pin=DA1-4
Added Pin To Net: NetName=NetC2_1 Pin=ZQ1-1
Change Net Name : Old Net Name=NetC7_1 New Net Name=NetC8_1
Change Net Name : Old Net Name=NetC12_2 New Net Name=NetC13_2
Change Net Name : Old Net Name=NetC13_1 New Net Name=NetC14_1
Change Net Name : Old Net Name=NetC14_1 New Net Name=NetC15_1
Change Net Name : Old Net Name=NetC17_2 New Net Name=NetC18_2
Change Net Name : Old Net Name=NetC19_1 New Net Name=NetC20_1
Change Net Name : Old Net Name=NetC20_2 New Net Name=NetC21_2
Change Net Name : Old Net Name=NetC21_2 New Net Name=NetC22_2
Change Net Name : Old Net Name=NetC22_1 New Net Name=NetC23_1
Change Net Name : Old Net Name=NetC22_2 New Net Name=NetC23_2
Change Net Name : Old Net Name=NetDA1_A4 New Net Name=NetDA2_A4
Change Net Name : Old Net Name=NetDA1_C1 New Net Name=NetDA2_C1
Change Net Name : Old Net Name=NetDA1_C2 New Net Name=NetDA2_C2
Change Net Name : Old Net Name=NetDA1_D1 New Net Name=NetDA2_D1
Change Net Name : Old Net Name=NetDA1_D4 New Net Name=NetDA2_D4
Change Net Name : Old Net Name=NetDA1_E1 New Net Name=NetDA2_E1
Change Net Name : Old Net Name=NetDA3_5 New Net Name=NetDA4_5
Change Net Name : Old Net Name=NetDA3_6 New Net Name=NetDA4_6
Change Net Name : Old Net Name=NetDA4_1 New Net Name=NetDA5_1
Change Net Name : Old Net Name=NetDA4_2 New Net Name=NetDA5_2
Change Net Name : Old Net Name=NetDA4_3 New Net Name=NetDA5_3
Change Net Name : Old Net Name=NetDA4_8 New Net Name=NetDA5_8
Added Pin To Net: NetName=NetC3_1 Pin=C3-1
Added Pin To Net: NetName=NetC3_1 Pin=ZQ1-2
Added Net: Name=NetC3_1
Added Pin To Net: NetName=NetC11_1 Pin=C11-1
Added Pin To Net: NetName=NetC11_1 Pin=L1-2
Added Net: Name=NetC11_1
Added Pin To Net: NetName=VDD_Bat Pin=C1-1
Added Pin To Net: NetName=VDD_Bat Pin=DA1-5
Added Net: Name=VDD_Bat
Added Member To Class: ClassName=Sheet_1 Member=Component C12 X7R
Added Member To Class: ClassName=Sheet_1 Member=Component DA1 TPS79718QDCKRQ1
