Added Component: Designator=C1(C0201)
Add component. Clean all parameters for all variants
Add component (AddParameter): Name = "Published"; Value = "18.05.2010"; VariantName = "[No Variations]"
Add component (AddParameter): Name = "Publisher"; Value = "Andrew Danich"; VariantName = "[No Variations]"
Add component (AddParameter): Name = "Type"; Value = "Конденсатор"; VariantName = "[No Variations]"
Add component (AddParameter): Name = "Value"; Value = "0.1u"; VariantName = "[No Variations]"
Add component (AddParameter): Name = "Voltage"; Value = "16V"; VariantName = "[No Variations]"
Added Component: Designator=C2(C0201_C0G)
Add component. Clean all parameters for all variants
Add component (AddParameter): Name = "Published"; Value = "18.05.2010"; VariantName = "[No Variations]"
Add component (AddParameter): Name = "Publisher"; Value = "Andrew Danich"; VariantName = "[No Variations]"
Add component (AddParameter): Name = "Type"; Value = "Конденсатор"; VariantName = "[No Variations]"
Add component (AddParameter): Name = "Value"; Value = "22p"; VariantName = "[No Variations]"
Add component (AddParameter): Name = "Voltage"; Value = "50V"; VariantName = "[No Variations]"
Added Component: Designator=C3(C0201_C0G)
Add component. Clean all parameters for all variants
Add component (AddParameter): Name = "Published"; Value = "18.05.2010"; VariantName = "[No Variations]"
Add component (AddParameter): Name = "Publisher"; Value = "Andrew Danich"; VariantName = "[No Variations]"
Add component (AddParameter): Name = "Type"; Value = "Конденсатор"; VariantName = "[No Variations]"
Add component (AddParameter): Name = "Value"; Value = "22p"; VariantName = "[No Variations]"
Add component (AddParameter): Name = "Voltage"; Value = "50V"; VariantName = "[No Variations]"
Added Component: Designator=C4(C0201)
Add component. Clean all parameters for all variants
Add component (AddParameter): Name = "Published"; Value = "18.05.2010"; VariantName = "[No Variations]"
Add component (AddParameter): Name = "Publisher"; Value = "Andrew Danich"; VariantName = "[No Variations]"
Add component (AddParameter): Name = "Type"; Value = "Конденсатор"; VariantName = "[No Variations]"
Add component (AddParameter): Name = "Value"; Value = "0.1u"; VariantName = "[No Variations]"
Add component (AddParameter): Name = "Voltage"; Value = "16V"; VariantName = "[No Variations]"
Added Component: Designator=C5(C0201)
Add component. Clean all parameters for all variants
Add component (AddParameter): Name = "Published"; Value = "18.05.2010"; VariantName = "[No Variations]"
Add component (AddParameter): Name = "Publisher"; Value = "Andrew Danich"; VariantName = "[No Variations]"
Add component (AddParameter): Name = "Type"; Value = "Конденсатор"; VariantName = "[No Variations]"
Add component (AddParameter): Name = "Value"; Value = "0.1u"; VariantName = "[No Variations]"
Add component (AddParameter): Name = "Voltage"; Value = "16V"; VariantName = "[No Variations]"
Added Component: Designator=C6(C0201)
Add component. Clean all parameters for all variants
Add component (AddParameter): Name = "Published"; Value = "18.05.2010"; VariantName = "[No Variations]"
Add component (AddParameter): Name = "Publisher"; Value = "Andrew Danich"; VariantName = "[No Variations]"
Add component (AddParameter): Name = "Type"; Value = "Конденсатор"; VariantName = "[No Variations]"
Add component (AddParameter): Name = "Value"; Value = "0.1u"; VariantName = "[No Variations]"
Add component (AddParameter): Name = "Voltage"; Value = "16V"; VariantName = "[No Variations]"
Added Component: Designator=C7(C0201)
Add component. Clean all parameters for all variants
Add component (AddParameter): Name = "Published"; Value = "18.05.2010"; VariantName = "[No Variations]"
Add component (AddParameter): Name = "Publisher"; Value = "Andrew Danich"; VariantName = "[No Variations]"
Add component (AddParameter): Name = "Type"; Value = "Конденсатор"; VariantName = "[No Variations]"
Add component (AddParameter): Name = "Value"; Value = "0.1u"; VariantName = "[No Variations]"
Add component (AddParameter): Name = "Voltage"; Value = "16V"; VariantName = "[No Variations]"
Added Component: Designator=C8(C0201_C0G)
Add component. Clean all parameters for all variants
Add component (AddParameter): Name = "Published"; Value = "18.05.2010"; VariantName = "[No Variations]"
Add component (AddParameter): Name = "Publisher"; Value = "Andrew Danich"; VariantName = "[No Variations]"
Add component (AddParameter): Name = "Type"; Value = "Конденсатор"; VariantName = "[No Variations]"
Add component (AddParameter): Name = "Value"; Value = "NC"; VariantName = "[No Variations]"
Added Component: Designator=C9(C0201_C0G)
Add component. Clean all parameters for all variants
Add component (AddParameter): Name = "Published"; Value = "18.05.2010"; VariantName = "[No Variations]"
Add component (AddParameter): Name = "Publisher"; Value = "Andrew Danich"; VariantName = "[No Variations]"
Add component (AddParameter): Name = "Type"; Value = "Конденсатор"; VariantName = "[No Variations]"
Add component (AddParameter): Name = "Value"; Value = "NC"; VariantName = "[No Variations]"
Added Component: Designator=C10(C0201)
Add component. Clean all parameters for all variants
Add component (AddParameter): Name = "Published"; Value = "18.05.2010"; VariantName = "[No Variations]"
Add component (AddParameter): Name = "Publisher"; Value = "Andrew Danich"; VariantName = "[No Variations]"
Add component (AddParameter): Name = "Type"; Value = "Конденсатор"; VariantName = "[No Variations]"
Add component (AddParameter): Name = "Value"; Value = "0.1u"; VariantName = "[No Variations]"
Add component (AddParameter): Name = "Voltage"; Value = "16V"; VariantName = "[No Variations]"
Added Component: Designator=C11(C0603)
Add component. Clean all parameters for all variants
Add component (AddParameter): Name = "Published"; Value = "18.05.2010"; VariantName = "[No Variations]"
Add component (AddParameter): Name = "Publisher"; Value = "Andrew Danich"; VariantName = "[No Variations]"
Add component (AddParameter): Name = "Type"; Value = "Конденсатор"; VariantName = "[No Variations]"
Add component (AddParameter): Name = "Value"; Value = "4u7"; VariantName = "[No Variations]"
Add component (AddParameter): Name = "Voltage"; Value = "10V"; VariantName = "[No Variations]"
Added Component: Designator=C12(C0201)
Add component. Clean all parameters for all variants
Add component (AddParameter): Name = "Published"; Value = "18.05.2010"; VariantName = "[No Variations]"
Add component (AddParameter): Name = "Publisher"; Value = "Andrew Danich"; VariantName = "[No Variations]"
Add component (AddParameter): Name = "Type"; Value = "Конденсатор"; VariantName = "[No Variations]"
Add component (AddParameter): Name = "Value"; Value = "0.1u"; VariantName = "[No Variations]"
Add component (AddParameter): Name = "Voltage"; Value = "16V"; VariantName = "[No Variations]"
Added Component: Designator=C13(C0201)
Add component. Clean all parameters for all variants
Add component (AddParameter): Name = "Published"; Value = "18.05.2010"; VariantName = "[No Variations]"
Add component (AddParameter): Name = "Publisher"; Value = "Andrew Danich"; VariantName = "[No Variations]"
Add component (AddParameter): Name = "Type"; Value = "Конденсатор"; VariantName = "[No Variations]"
Add component (AddParameter): Name = "Value"; Value = "0.1u"; VariantName = "[No Variations]"
Add component (AddParameter): Name = "Voltage"; Value = "16V"; VariantName = "[No Variations]"
Added Component: Designator=C14(C0603)
Add component. Clean all parameters for all variants
Add component (AddParameter): Name = "Published"; Value = "18.05.2010"; VariantName = "[No Variations]"
Add component (AddParameter): Name = "Publisher"; Value = "Andrew Danich"; VariantName = "[No Variations]"
Add component (AddParameter): Name = "Type"; Value = "Конденсатор"; VariantName = "[No Variations]"
Add component (AddParameter): Name = "Value"; Value = "4u7"; VariantName = "[No Variations]"
Add component (AddParameter): Name = "Voltage"; Value = "10V"; VariantName = "[No Variations]"
Added Component: Designator=C15(C0201)
Add component. Clean all parameters for all variants
Add component (AddParameter): Name = "Published"; Value = "18.05.2010"; VariantName = "[No Variations]"
Add component (AddParameter): Name = "Publisher"; Value = "Andrew Danich"; VariantName = "[No Variations]"
Add component (AddParameter): Name = "Type"; Value = "Конденсатор"; VariantName = "[No Variations]"
Add component (AddParameter): Name = "Value"; Value = "0.1u"; VariantName = "[No Variations]"
Add component (AddParameter): Name = "Voltage"; Value = "16V"; VariantName = "[No Variations]"
Added Component: Designator=C16(C0603)
Add component. Clean all parameters for all variants
Add component (AddParameter): Name = "Published"; Value = "18.05.2010"; VariantName = "[No Variations]"
Add component (AddParameter): Name = "Publisher"; Value = "Andrew Danich"; VariantName = "[No Variations]"
Add component (AddParameter): Name = "Type"; Value = "Конденсатор"; VariantName = "[No Variations]"
Add component (AddParameter): Name = "Value"; Value = "4u7"; VariantName = "[No Variations]"
Add component (AddParameter): Name = "Voltage"; Value = "10V"; VariantName = "[No Variations]"
Added Component: Designator=C17(C0201)
Add component. Clean all parameters for all variants
Add component (AddParameter): Name = "Published"; Value = "18.05.2010"; VariantName = "[No Variations]"
Add component (AddParameter): Name = "Publisher"; Value = "Andrew Danich"; VariantName = "[No Variations]"
Add component (AddParameter): Name = "Type"; Value = "Конденсатор"; VariantName = "[No Variations]"
Add component (AddParameter): Name = "Value"; Value = "0.1u"; VariantName = "[No Variations]"
Add component (AddParameter): Name = "Voltage"; Value = "16V"; VariantName = "[No Variations]"
Added Component: Designator=C18(C0201)
Add component. Clean all parameters for all variants
Add component (AddParameter): Name = "Published"; Value = "18.05.2010"; VariantName = "[No Variations]"
Add component (AddParameter): Name = "Publisher"; Value = "Andrew Danich"; VariantName = "[No Variations]"
Add component (AddParameter): Name = "Type"; Value = "Конденсатор"; VariantName = "[No Variations]"
Add component (AddParameter): Name = "Value"; Value = "0.1u"; VariantName = "[No Variations]"
Add component (AddParameter): Name = "Voltage"; Value = "16V"; VariantName = "[No Variations]"
Added Component: Designator=C19(C0402)
Add component. Clean all parameters for all variants
Add component (AddParameter): Name = "Published"; Value = "18.05.2010"; VariantName = "[No Variations]"
Add component (AddParameter): Name = "Publisher"; Value = "Andrew Danich"; VariantName = "[No Variations]"
Add component (AddParameter): Name = "Type"; Value = "Конденсатор"; VariantName = "[No Variations]"
Add component (AddParameter): Name = "Value"; Value = "1u"; VariantName = "[No Variations]"
Add component (AddParameter): Name = "Voltage"; Value = "6.3V"; VariantName = "[No Variations]"
Added Component: Designator=C20(C0201)
Add component. Clean all parameters for all variants
Add component (AddParameter): Name = "Published"; Value = "18.05.2010"; VariantName = "[No Variations]"
Add component (AddParameter): Name = "Publisher"; Value = "Andrew Danich"; VariantName = "[No Variations]"
Add component (AddParameter): Name = "Type"; Value = "Конденсатор"; VariantName = "[No Variations]"
Add component (AddParameter): Name = "Value"; Value = "0.1u"; VariantName = "[No Variations]"
Add component (AddParameter): Name = "Voltage"; Value = "16V"; VariantName = "[No Variations]"
Added Component: Designator=C21(C0201)
Add component. Clean all parameters for all variants
Add component (AddParameter): Name = "Published"; Value = "18.05.2010"; VariantName = "[No Variations]"
Add component (AddParameter): Name = "Publisher"; Value = "Andrew Danich"; VariantName = "[No Variations]"
Add component (AddParameter): Name = "Type"; Value = "Конденсатор"; VariantName = "[No Variations]"
Add component (AddParameter): Name = "Value"; Value = "0.01u"; VariantName = "[No Variations]"
Add component (AddParameter): Name = "Voltage"; Value = "16V"; VariantName = "[No Variations]"
Added Component: Designator=C22(C0201)
Add component. Clean all parameters for all variants
Add component (AddParameter): Name = "Published"; Value = "18.05.2010"; VariantName = "[No Variations]"
Add component (AddParameter): Name = "Publisher"; Value = "Andrew Danich"; VariantName = "[No Variations]"
Add component (AddParameter): Name = "Type"; Value = "Конденсатор"; VariantName = "[No Variations]"
Add component (AddParameter): Name = "Value"; Value = "0.01u"; VariantName = "[No Variations]"
Add component (AddParameter): Name = "Voltage"; Value = "16V"; VariantName = "[No Variations]"
Added Component: Designator=C23(C0201)
Add component. Clean all parameters for all variants
Add component (AddParameter): Name = "Published"; Value = "18.05.2010"; VariantName = "[No Variations]"
Add component (AddParameter): Name = "Publisher"; Value = "Andrew Danich"; VariantName = "[No Variations]"
Add component (AddParameter): Name = "Type"; Value = "Конденсатор"; VariantName = "[No Variations]"
Add component (AddParameter): Name = "Value"; Value = "0.01u"; VariantName = "[No Variations]"
Add component (AddParameter): Name = "Voltage"; Value = "16V"; VariantName = "[No Variations]"
Added Component: Designator=C24(C0201)
Add component. Clean all parameters for all variants
Add component (AddParameter): Name = "Published"; Value = "18.05.2010"; VariantName = "[No Variations]"
Add component (AddParameter): Name = "Publisher"; Value = "Andrew Danich"; VariantName = "[No Variations]"
Add component (AddParameter): Name = "Type"; Value = "Конденсатор"; VariantName = "[No Variations]"
Add component (AddParameter): Name = "Value"; Value = "0.1u"; VariantName = "[No Variations]"
Add component (AddParameter): Name = "Voltage"; Value = "16V"; VariantName = "[No Variations]"
Added Component: Designator=C25(C0201)
Add component. Clean all parameters for all variants
Add component (AddParameter): Name = "Published"; Value = "18.05.2010"; VariantName = "[No Variations]"
Add component (AddParameter): Name = "Publisher"; Value = "Andrew Danich"; VariantName = "[No Variations]"
Add component (AddParameter): Name = "Type"; Value = "Конденсатор"; VariantName = "[No Variations]"
Add component (AddParameter): Name = "Value"; Value = "0.1u"; VariantName = "[No Variations]"
Add component (AddParameter): Name = "Voltage"; Value = "16V"; VariantName = "[No Variations]"
Added Component: Designator=DA1(SC70-5)
Add component. Clean all parameters for all variants
Add component (AddParameter): Name = "Name"; Value = "TPS79730QDCKRQ1"; VariantName = "[No Variations]"
Add component (AddParameter): Name = "Published"; Value = "21.01.2015"; VariantName = "[No Variations]"
Add component (AddParameter): Name = "Publisher"; Value = "Andrew Danich"; VariantName = "[No Variations]"
Add component (AddParameter): Name = "Type"; Value = "Микросхема"; VariantName = "[No Variations]"
Add component (AddParameter): Name = "Value"; Value = "3.0V"; VariantName = "[No Variations]"
Added Component: Designator=DA2(dsbga-25)
Add component. Clean all parameters for all variants
Add component (AddParameter): Name = "Published"; Value = "29.07.2015"; VariantName = "[No Variations]"
Add component (AddParameter): Name = "Publisher"; Value = "Andrew Danich"; VariantName = "[No Variations]"
Add component (AddParameter): Name = "Type"; Value = "Модуль"; VariantName = "[No Variations]"
Add component (AddParameter): Name = "Value"; Value = "BQ25121A"; VariantName = "[No Variations]"
Added Component: Designator=DA3(X2QFN)
Add component. Clean all parameters for all variants
Add component (AddParameter): Name = "Published"; Value = "08.12.2013"; VariantName = "[No Variations]"
Add component (AddParameter): Name = "Publisher"; Value = "Andrew Danich"; VariantName = "[No Variations]"
Add component (AddParameter): Name = "Type"; Value = "Микросхема"; VariantName = "[No Variations]"
Add component (AddParameter): Name = "Value"; Value = "TLV9042S"; VariantName = "[No Variations]"
Added Component: Designator=DA4(X2QFN)
Add component. Clean all parameters for all variants
Add component (AddParameter): Name = "Published"; Value = "08.12.2013"; VariantName = "[No Variations]"
Add component (AddParameter): Name = "Publisher"; Value = "Andrew Danich"; VariantName = "[No Variations]"
Add component (AddParameter): Name = "Type"; Value = "Микросхема"; VariantName = "[No Variations]"
Add component (AddParameter): Name = "Value"; Value = "TLV9042S"; VariantName = "[No Variations]"
Added Component: Designator=DA5(VSSOP-8)
Add component. Clean all parameters for all variants
Add component (AddParameter): Name = "Published"; Value = "19.12.2015"; VariantName = "[No Variations]"
Add component (AddParameter): Name = "Publisher"; Value = "Andrew Danich"; VariantName = "[No Variations]"
Add component (AddParameter): Name = "Type"; Value = "Микросхема"; VariantName = "[No Variations]"
Add component (AddParameter): Name = "Value"; Value = "INA317IDGKT"; VariantName = "[No Variations]"
Added Component: Designator=DD1(LQFP-100)
Add component. Clean all parameters for all variants
Add component (AddParameter): Name = "Published"; Value = "16.10.2015"; VariantName = "[No Variations]"
Add component (AddParameter): Name = "Publisher"; Value = "Andrew Danich"; VariantName = "[No Variations]"
Add component (AddParameter): Name = "Type"; Value = "Микросхема"; VariantName = "[No Variations]"
Add component (AddParameter): Name = "Value"; Value = "STM32WB55VC"; VariantName = "[No Variations]"
Added Component: Designator=FP1(F1210)
Add component. Clean all parameters for all variants
Add component (AddParameter): Name = "Published"; Value = "24.09.2010"; VariantName = "[No Variations]"
Add component (AddParameter): Name = "Publisher"; Value = "Andrew Danich"; VariantName = "[No Variations]"
Add component (AddParameter): Name = "Specification"; Value = ""; VariantName = "[No Variations]"
Add component (AddParameter): Name = "Type"; Value = "Вставка плавкая"; VariantName = "[No Variations]"
Add component (AddParameter): Name = "Value"; Value = "MF-USMF010"; VariantName = "[No Variations]"
Added Component: Designator=HL1(LD0603)
Add component. Clean all parameters for all variants
Add component (AddParameter): Name = "Published"; Value = "03.12.2013"; VariantName = "[No Variations]"
Add component (AddParameter): Name = "Publisher"; Value = "Andrew Danich"; VariantName = "[No Variations]"
Add component (AddParameter): Name = "Type"; Value = "Индикатор единичный"; VariantName = "[No Variations]"
Add component (AddParameter): Name = "Value"; Value = "FYLS-0603UGC"; VariantName = "[No Variations]"
Added Component: Designator=L1(L0805)
Add component. Clean all parameters for all variants
Add component (AddParameter): Name = "Name"; Value = "LQM21FN100M70L"; VariantName = "[No Variations]"
Add component (AddParameter): Name = "Published"; Value = "20.05.2010"; VariantName = "[No Variations]"
Add component (AddParameter): Name = "Publisher"; Value = "Andrew Danich"; VariantName = "[No Variations]"
Add component (AddParameter): Name = "Type"; Value = "Дроссель"; VariantName = "[No Variations]"
Add component (AddParameter): Name = "Value"; Value = "10u"; VariantName = "[No Variations]"
Added Component: Designator=L2(L0603)
Add component. Clean all parameters for all variants
Add component (AddParameter): Name = "Name"; Value = "GLFR1608T2R2M-LR"; VariantName = "[No Variations]"
Add component (AddParameter): Name = "Published"; Value = "20.05.2010"; VariantName = "[No Variations]"
Add component (AddParameter): Name = "Publisher"; Value = "Andrew Danich"; VariantName = "[No Variations]"
Add component (AddParameter): Name = "Type"; Value = "Дроссель"; VariantName = "[No Variations]"
Add component (AddParameter): Name = "Value"; Value = "2u2"; VariantName = "[No Variations]"
Added Component: Designator=R1(R0201)
Add component. Clean all parameters for all variants
Add component (AddParameter): Name = "Published"; Value = "19.09.2014"; VariantName = "[No Variations]"
Add component (AddParameter): Name = "Publisher"; Value = "Andrew Danich"; VariantName = "[No Variations]"
Add component (AddParameter): Name = "Type"; Value = "Резистор"; VariantName = "[No Variations]"
Add component (AddParameter): Name = "Value"; Value = "22"; VariantName = "[No Variations]"
Added Component: Designator=R2(R0201)
Add component. Clean all parameters for all variants
Add component (AddParameter): Name = "Published"; Value = "19.09.2014"; VariantName = "[No Variations]"
Add component (AddParameter): Name = "Publisher"; Value = "Andrew Danich"; VariantName = "[No Variations]"
Add component (AddParameter): Name = "Type"; Value = "Резистор"; VariantName = "[No Variations]"
Add component (AddParameter): Name = "Value"; Value = "22"; VariantName = "[No Variations]"
Added Component: Designator=R3(R0201)
Add component. Clean all parameters for all variants
Add component (AddParameter): Name = "Published"; Value = "19.09.2014"; VariantName = "[No Variations]"
Add component (AddParameter): Name = "Publisher"; Value = "Andrew Danich"; VariantName = "[No Variations]"
Add component (AddParameter): Name = "Type"; Value = "Резистор"; VariantName = "[No Variations]"
Add component (AddParameter): Name = "Value"; Value = "100k"; VariantName = "[No Variations]"
Added Component: Designator=R4(R0201)
Add component. Clean all parameters for all variants
Add component (AddParameter): Name = "Published"; Value = "19.09.2014"; VariantName = "[No Variations]"
Add component (AddParameter): Name = "Publisher"; Value = "Andrew Danich"; VariantName = "[No Variations]"
Add component (AddParameter): Name = "Type"; Value = "Резистор"; VariantName = "[No Variations]"
Add component (AddParameter): Name = "Value"; Value = "0"; VariantName = "[No Variations]"
Added Component: Designator=R5(R0201)
Add component. Clean all parameters for all variants
Add component (AddParameter): Name = "Published"; Value = "19.09.2014"; VariantName = "[No Variations]"
Add component (AddParameter): Name = "Publisher"; Value = "Andrew Danich"; VariantName = "[No Variations]"
Add component (AddParameter): Name = "Type"; Value = "Резистор"; VariantName = "[No Variations]"
Add component (AddParameter): Name = "Value"; Value = "4k7"; VariantName = "[No Variations]"
Added Component: Designator=R6(R0201)
Add component. Clean all parameters for all variants
Add component (AddParameter): Name = "Published"; Value = "19.09.2014"; VariantName = "[No Variations]"
Add component (AddParameter): Name = "Publisher"; Value = "Andrew Danich"; VariantName = "[No Variations]"
Add component (AddParameter): Name = "Type"; Value = "Резистор"; VariantName = "[No Variations]"
Add component (AddParameter): Name = "Value"; Value = "4k7"; VariantName = "[No Variations]"
Added Component: Designator=R7(R0201)
Add component. Clean all parameters for all variants
Add component (AddParameter): Name = "Published"; Value = "19.09.2014"; VariantName = "[No Variations]"
Add component (AddParameter): Name = "Publisher"; Value = "Andrew Danich"; VariantName = "[No Variations]"
Add component (AddParameter): Name = "Type"; Value = "Резистор"; VariantName = "[No Variations]"
Add component (AddParameter): Name = "Value"; Value = "510k"; VariantName = "[No Variations]"
Added Component: Designator=R8(R0201)
Add component. Clean all parameters for all variants
Add component (AddParameter): Name = "Published"; Value = "19.09.2014"; VariantName = "[No Variations]"
Add component (AddParameter): Name = "Publisher"; Value = "Andrew Danich"; VariantName = "[No Variations]"
Add component (AddParameter): Name = "Type"; Value = "Резистор"; VariantName = "[No Variations]"
Add component (AddParameter): Name = "Value"; Value = "510"; VariantName = "[No Variations]"
Added Component: Designator=R9(R0201)
Add component. Clean all parameters for all variants
Add component (AddParameter): Name = "Published"; Value = "19.09.2014"; VariantName = "[No Variations]"
Add component (AddParameter): Name = "Publisher"; Value = "Andrew Danich"; VariantName = "[No Variations]"
Add component (AddParameter): Name = "Type"; Value = "Резистор"; VariantName = "[No Variations]"
Add component (AddParameter): Name = "Value"; Value = "510k"; VariantName = "[No Variations]"
Added Component: Designator=R10(R0201)
Add component. Clean all parameters for all variants
Add component (AddParameter): Name = "Published"; Value = "19.09.2014"; VariantName = "[No Variations]"
Add component (AddParameter): Name = "Publisher"; Value = "Andrew Danich"; VariantName = "[No Variations]"
Add component (AddParameter): Name = "Type"; Value = "Резистор"; VariantName = "[No Variations]"
Add component (AddParameter): Name = "Value"; Value = "510k"; VariantName = "[No Variations]"
Added Component: Designator=R11(R0201)
Add component. Clean all parameters for all variants
Add component (AddParameter): Name = "Published"; Value = "19.09.2014"; VariantName = "[No Variations]"
Add component (AddParameter): Name = "Publisher"; Value = "Andrew Danich"; VariantName = "[No Variations]"
Add component (AddParameter): Name = "Type"; Value = "Резистор"; VariantName = "[No Variations]"
Add component (AddParameter): Name = "Value"; Value = "510k"; VariantName = "[No Variations]"
Added Component: Designator=R12(R0201)
Add component. Clean all parameters for all variants
Add component (AddParameter): Name = "Published"; Value = "19.09.2014"; VariantName = "[No Variations]"
Add component (AddParameter): Name = "Publisher"; Value = "Andrew Danich"; VariantName = "[No Variations]"
Add component (AddParameter): Name = "Type"; Value = "Резистор"; VariantName = "[No Variations]"
Add component (AddParameter): Name = "Value"; Value = "15k"; VariantName = "[No Variations]"
Added Component: Designator=R13(R0201)
Add component. Clean all parameters for all variants
Add component (AddParameter): Name = "Published"; Value = "19.09.2014"; VariantName = "[No Variations]"
Add component (AddParameter): Name = "Publisher"; Value = "Andrew Danich"; VariantName = "[No Variations]"
Add component (AddParameter): Name = "Type"; Value = "Резистор"; VariantName = "[No Variations]"
Add component (AddParameter): Name = "Value"; Value = "3k9"; VariantName = "[No Variations]"
Added Component: Designator=R14(R0201)
Add component. Clean all parameters for all variants
Add component (AddParameter): Name = "Published"; Value = "19.09.2014"; VariantName = "[No Variations]"
Add component (AddParameter): Name = "Publisher"; Value = "Andrew Danich"; VariantName = "[No Variations]"
Add component (AddParameter): Name = "Type"; Value = "Резистор"; VariantName = "[No Variations]"
Add component (AddParameter): Name = "Value"; Value = "2k2"; VariantName = "[No Variations]"
Added Component: Designator=R15(R0201)
Add component. Clean all parameters for all variants
Add component (AddParameter): Name = "Published"; Value = "19.09.2014"; VariantName = "[No Variations]"
Add component (AddParameter): Name = "Publisher"; Value = "Andrew Danich"; VariantName = "[No Variations]"
Add component (AddParameter): Name = "Type"; Value = "Резистор"; VariantName = "[No Variations]"
Add component (AddParameter): Name = "Value"; Value = "510k"; VariantName = "[No Variations]"
Added Component: Designator=R16(R0201)
Add component. Clean all parameters for all variants
Add component (AddParameter): Name = "Published"; Value = "19.09.2014"; VariantName = "[No Variations]"
Add component (AddParameter): Name = "Publisher"; Value = "Andrew Danich"; VariantName = "[No Variations]"
Add component (AddParameter): Name = "Type"; Value = "Резистор"; VariantName = "[No Variations]"
Add component (AddParameter): Name = "Value"; Value = "51k"; VariantName = "[No Variations]"
Added Component: Designator=R17(R0201)
Add component. Clean all parameters for all variants
Add component (AddParameter): Name = "Published"; Value = "19.09.2014"; VariantName = "[No Variations]"
Add component (AddParameter): Name = "Publisher"; Value = "Andrew Danich"; VariantName = "[No Variations]"
Add component (AddParameter): Name = "Type"; Value = "Резистор"; VariantName = "[No Variations]"
Add component (AddParameter): Name = "Value"; Value = "510k"; VariantName = "[No Variations]"
Added Component: Designator=R18(R0201)
Add component. Clean all parameters for all variants
Add component (AddParameter): Name = "Published"; Value = "19.09.2014"; VariantName = "[No Variations]"
Add component (AddParameter): Name = "Publisher"; Value = "Andrew Danich"; VariantName = "[No Variations]"
Add component (AddParameter): Name = "Type"; Value = "Резистор"; VariantName = "[No Variations]"
Add component (AddParameter): Name = "Value"; Value = "510k"; VariantName = "[No Variations]"
Added Component: Designator=R19(R0201)
Add component. Clean all parameters for all variants
Add component (AddParameter): Name = "Published"; Value = "19.09.2014"; VariantName = "[No Variations]"
Add component (AddParameter): Name = "Publisher"; Value = "Andrew Danich"; VariantName = "[No Variations]"
Add component (AddParameter): Name = "Type"; Value = "Резистор"; VariantName = "[No Variations]"
Add component (AddParameter): Name = "Value"; Value = "510k"; VariantName = "[No Variations]"
Added Component: Designator=R20(R0201)
Add component. Clean all parameters for all variants
Add component (AddParameter): Name = "Published"; Value = "19.09.2014"; VariantName = "[No Variations]"
Add component (AddParameter): Name = "Publisher"; Value = "Andrew Danich"; VariantName = "[No Variations]"
Add component (AddParameter): Name = "Type"; Value = "Резистор"; VariantName = "[No Variations]"
Add component (AddParameter): Name = "Value"; Value = "0"; VariantName = "[No Variations]"
Added Component: Designator=R21(R0201)
Add component. Clean all parameters for all variants
Add component (AddParameter): Name = "Published"; Value = "19.09.2014"; VariantName = "[No Variations]"
Add component (AddParameter): Name = "Publisher"; Value = "Andrew Danich"; VariantName = "[No Variations]"
Add component (AddParameter): Name = "Type"; Value = "Резистор"; VariantName = "[No Variations]"
Add component (AddParameter): Name = "Value"; Value = "42k2"; VariantName = "[No Variations]"
Added Component: Designator=R22(R0201)
Add component. Clean all parameters for all variants
Add component (AddParameter): Name = "Published"; Value = "19.09.2014"; VariantName = "[No Variations]"
Add component (AddParameter): Name = "Publisher"; Value = "Andrew Danich"; VariantName = "[No Variations]"
Add component (AddParameter): Name = "Type"; Value = "Резистор"; VariantName = "[No Variations]"
Add component (AddParameter): Name = "Value"; Value = "51k"; VariantName = "[No Variations]"
Added Component: Designator=R23(R0201)
Add component. Clean all parameters for all variants
Add component (AddParameter): Name = "Published"; Value = "19.09.2014"; VariantName = "[No Variations]"
Add component (AddParameter): Name = "Publisher"; Value = "Andrew Danich"; VariantName = "[No Variations]"
Add component (AddParameter): Name = "Type"; Value = "Резистор"; VariantName = "[No Variations]"
Add component (AddParameter): Name = "Value"; Value = "51k"; VariantName = "[No Variations]"
Added Component: Designator=R24(R0201)
Add component. Clean all parameters for all variants
Add component (AddParameter): Name = "Published"; Value = "19.09.2014"; VariantName = "[No Variations]"
Add component (AddParameter): Name = "Publisher"; Value = "Andrew Danich"; VariantName = "[No Variations]"
Add component (AddParameter): Name = "Type"; Value = "Резистор"; VariantName = "[No Variations]"
Add component (AddParameter): Name = "Value"; Value = "51k"; VariantName = "[No Variations]"
Added Component: Designator=R25(R0201)
Add component. Clean all parameters for all variants
Add component (AddParameter): Name = "Published"; Value = "19.09.2014"; VariantName = "[No Variations]"
Add component (AddParameter): Name = "Publisher"; Value = "Andrew Danich"; VariantName = "[No Variations]"
Add component (AddParameter): Name = "Type"; Value = "Резистор"; VariantName = "[No Variations]"
Add component (AddParameter): Name = "Value"; Value = "51k"; VariantName = "[No Variations]"
Added Component: Designator=R26(R0201)
Add component. Clean all parameters for all variants
Add component (AddParameter): Name = "Published"; Value = "19.09.2014"; VariantName = "[No Variations]"
Add component (AddParameter): Name = "Publisher"; Value = "Andrew Danich"; VariantName = "[No Variations]"
Add component (AddParameter): Name = "Type"; Value = "Резистор"; VariantName = "[No Variations]"
Add component (AddParameter): Name = "Value"; Value = "51k"; VariantName = "[No Variations]"
Added Component: Designator=R27(R0201)
Add component. Clean all parameters for all variants
Add component (AddParameter): Name = "Published"; Value = "19.09.2014"; VariantName = "[No Variations]"
Add component (AddParameter): Name = "Publisher"; Value = "Andrew Danich"; VariantName = "[No Variations]"
Add component (AddParameter): Name = "Type"; Value = "Резистор"; VariantName = "[No Variations]"
Add component (AddParameter): Name = "Value"; Value = "10k"; VariantName = "[No Variations]"
Added Component: Designator=R28(R0201)
Add component. Clean all parameters for all variants
Add component (AddParameter): Name = "Published"; Value = "19.09.2014"; VariantName = "[No Variations]"
Add component (AddParameter): Name = "Publisher"; Value = "Andrew Danich"; VariantName = "[No Variations]"
Add component (AddParameter): Name = "Type"; Value = "Резистор"; VariantName = "[No Variations]"
Add component (AddParameter): Name = "Value"; Value = "51k"; VariantName = "[No Variations]"
Added Component: Designator=SB1(USLPT3737AL5TR)
Add component. Clean all parameters for all variants
Add component (AddParameter): Name = "Published"; Value = "17.04.2014"; VariantName = "[No Variations]"
Add component (AddParameter): Name = "Publisher"; Value = "Andrew Danich"; VariantName = "[No Variations]"
Add component (AddParameter): Name = "Type"; Value = "Переключатель"; VariantName = "[No Variations]"
Add component (AddParameter): Name = "Value"; Value = "USLPT3737AL5TR"; VariantName = "[No Variations]"
Added Component: Designator=VD1(SOT-666)
Add component. Clean all parameters for all variants
Add component (AddParameter): Name = "Published"; Value = "08.07.2014"; VariantName = "[No Variations]"
Add component (AddParameter): Name = "Publisher"; Value = "Andrew Danich"; VariantName = "[No Variations]"
Add component (AddParameter): Name = "Type"; Value = "Сборка диодная"; VariantName = "[No Variations]"
Add component (AddParameter): Name = "Value"; Value = "USBLC6-2P6"; VariantName = "[No Variations]"
Added Component: Designator=VD2(SOT-666)
Add component. Clean all parameters for all variants
Add component (AddParameter): Name = "Published"; Value = "08.07.2014"; VariantName = "[No Variations]"
Add component (AddParameter): Name = "Publisher"; Value = "Andrew Danich"; VariantName = "[No Variations]"
Add component (AddParameter): Name = "Type"; Value = "Сборка диодная"; VariantName = "[No Variations]"
Add component (AddParameter): Name = "Value"; Value = "USBLC6-2P6"; VariantName = "[No Variations]"
Added Component: Designator=WA1(1001312)
Add component. Clean all parameters for all variants
Add component (AddParameter): Name = "Published"; Value = "18.05.2010"; VariantName = "[No Variations]"
Add component (AddParameter): Name = "Publisher"; Value = "Andrew Danich"; VariantName = "[No Variations]"
Add component (AddParameter): Name = "Type"; Value = "Конденсатор"; VariantName = "[No Variations]"
Add component (AddParameter): Name = "Value"; Value = "2.4425 GHz"; VariantName = "[No Variations]"
Add component (AddParameter): Name = "Z"; Value = "50 Ohm"; VariantName = "[No Variations]"
Added Component: Designator=X1(Sensor_Con_Pin)
Add component. Clean all parameters for all variants
Add component (AddParameter): Name = "Published"; Value = "07.03.2013"; VariantName = "[No Variations]"
Add component (AddParameter): Name = "Publisher"; Value = "Andrew Danich"; VariantName = "[No Variations]"
Add component (AddParameter): Name = "Type"; Value = "Розетка"; VariantName = "[No Variations]"
Added Component: Designator=X2(Sensor_Con_Pin)
Add component. Clean all parameters for all variants
Add component (AddParameter): Name = "Published"; Value = "07.03.2013"; VariantName = "[No Variations]"
Add component (AddParameter): Name = "Publisher"; Value = "Andrew Danich"; VariantName = "[No Variations]"
Add component (AddParameter): Name = "Type"; Value = "Розетка"; VariantName = "[No Variations]"
Added Component: Designator=X3(Sensor_Con_Pin)
Add component. Clean all parameters for all variants
Add component (AddParameter): Name = "Published"; Value = "07.03.2013"; VariantName = "[No Variations]"
Add component (AddParameter): Name = "Publisher"; Value = "Andrew Danich"; VariantName = "[No Variations]"
Add component (AddParameter): Name = "Type"; Value = "Розетка"; VariantName = "[No Variations]"
Added Component: Designator=X4(Sensor_Con_Pin)
Add component. Clean all parameters for all variants
Add component (AddParameter): Name = "Published"; Value = "07.03.2013"; VariantName = "[No Variations]"
Add component (AddParameter): Name = "Publisher"; Value = "Andrew Danich"; VariantName = "[No Variations]"
Add component (AddParameter): Name = "Type"; Value = "Розетка"; VariantName = "[No Variations]"
Added Component: Designator=X5(Sensor_Con_Pin)
Add component. Clean all parameters for all variants
Add component (AddParameter): Name = "Published"; Value = "07.03.2013"; VariantName = "[No Variations]"
Add component (AddParameter): Name = "Publisher"; Value = "Andrew Danich"; VariantName = "[No Variations]"
Add component (AddParameter): Name = "Type"; Value = "Розетка"; VariantName = "[No Variations]"
Added Component: Designator=X6(Sensor_Con_Pin)
Add component. Clean all parameters for all variants
Add component (AddParameter): Name = "Published"; Value = "07.03.2013"; VariantName = "[No Variations]"
Add component (AddParameter): Name = "Publisher"; Value = "Andrew Danich"; VariantName = "[No Variations]"
Add component (AddParameter): Name = "Type"; Value = "Розетка"; VariantName = "[No Variations]"
Added Component: Designator=X7(Sensor_Con_Pin)
Add component. Clean all parameters for all variants
Add component (AddParameter): Name = "Published"; Value = "07.03.2013"; VariantName = "[No Variations]"
Add component (AddParameter): Name = "Publisher"; Value = "Andrew Danich"; VariantName = "[No Variations]"
Add component (AddParameter): Name = "Type"; Value = "Розетка"; VariantName = "[No Variations]"
Added Component: Designator=XS1(2108877-1)
Add component. Clean all parameters for all variants
Add component (AddParameter): Name = "1_line"; Value = "V Bus"; VariantName = "[No Variations]"
Add component (AddParameter): Name = "2_line"; Value = "D-"; VariantName = "[No Variations]"
Add component (AddParameter): Name = "3_line"; Value = "D+"; VariantName = "[No Variations]"
Add component (AddParameter): Name = "4_line"; Value = "ID"; VariantName = "[No Variations]"
Add component (AddParameter): Name = "5_line"; Value = "GND"; VariantName = "[No Variations]"
Add component (AddParameter): Name = "6_line"; Value = "CORP"; VariantName = "[No Variations]"
Add component (AddParameter): Name = "7_line"; Value = "CORP"; VariantName = "[No Variations]"
Add component (AddParameter): Name = "Published"; Value = "07.03.2013"; VariantName = "[No Variations]"
Add component (AddParameter): Name = "Publisher"; Value = "Andrew Danich"; VariantName = "[No Variations]"
Add component (AddParameter): Name = "Specification"; Value = ""; VariantName = "[No Variations]"
Add component (AddParameter): Name = "Type"; Value = "Розетка"; VariantName = "[No Variations]"
Add component (AddParameter): Name = "Value"; Value = "2108877-1"; VariantName = "[No Variations]"
Added Component: Designator=XS2(C5812-04)
Add component. Clean all parameters for all variants
Add component (AddParameter): Name = "1_line"; Value = "V_Battery"; VariantName = "[No Variations]"
Add component (AddParameter): Name = "2_line"; Value = "V_Battery"; VariantName = "[No Variations]"
Add component (AddParameter): Name = "3_line"; Value = "V_Battery"; VariantName = "[No Variations]"
Add component (AddParameter): Name = "4_line"; Value = "V_Battery"; VariantName = "[No Variations]"
Add component (AddParameter): Name = "Published"; Value = "07.03.2013"; VariantName = "[No Variations]"
Add component (AddParameter): Name = "Publisher"; Value = "Andrew Danich"; VariantName = "[No Variations]"
Add component (AddParameter): Name = "Specification"; Value = ""; VariantName = "[No Variations]"
Add component (AddParameter): Name = "Type"; Value = "Розетка"; VariantName = "[No Variations]"
Add component (AddParameter): Name = "Value"; Value = "C5812-04BDGHNTR"; VariantName = "[No Variations]"
Added Component: Designator=XS3(C5812-04)
Add component. Clean all parameters for all variants
Add component (AddParameter): Name = "1_line"; Value = "GND_Digital"; VariantName = "[No Variations]"
Add component (AddParameter): Name = "2_line"; Value = "GND_Digital"; VariantName = "[No Variations]"
Add component (AddParameter): Name = "3_line"; Value = "GND_Digital"; VariantName = "[No Variations]"
Add component (AddParameter): Name = "4_line"; Value = "GND_Digital"; VariantName = "[No Variations]"
Add component (AddParameter): Name = "Published"; Value = "07.03.2013"; VariantName = "[No Variations]"
Add component (AddParameter): Name = "Publisher"; Value = "Andrew Danich"; VariantName = "[No Variations]"
Add component (AddParameter): Name = "Specification"; Value = ""; VariantName = "[No Variations]"
Add component (AddParameter): Name = "Type"; Value = "Розетка"; VariantName = "[No Variations]"
Add component (AddParameter): Name = "Value"; Value = "C5812-04BDGHNTR"; VariantName = "[No Variations]"
Added Component: Designator=XS4(C5812-04)
Add component. Clean all parameters for all variants
Add component (AddParameter): Name = "1_line"; Value = "TS"; VariantName = "[No Variations]"
Add component (AddParameter): Name = "2_line"; Value = "TS"; VariantName = "[No Variations]"
Add component (AddParameter): Name = "3_line"; Value = "GND_Digital"; VariantName = "[No Variations]"
Add component (AddParameter): Name = "4_line"; Value = "GND_Digital"; VariantName = "[No Variations]"
Add component (AddParameter): Name = "Published"; Value = "07.03.2013"; VariantName = "[No Variations]"
Add component (AddParameter): Name = "Publisher"; Value = "Andrew Danich"; VariantName = "[No Variations]"
Add component (AddParameter): Name = "Specification"; Value = ""; VariantName = "[No Variations]"
Add component (AddParameter): Name = "Type"; Value = "Розетка"; VariantName = "[No Variations]"
Add component (AddParameter): Name = "Value"; Value = "C5812-04BDGHNTR"; VariantName = "[No Variations]"
Added Component: Designator=XT1(TEST_PIN_2)
Add component. Clean all parameters for all variants
Add component (AddParameter): Name = "Published"; Value = "07.03.2013"; VariantName = "[No Variations]"
Add component (AddParameter): Name = "Publisher"; Value = "Andrew Danich"; VariantName = "[No Variations]"
Add component (AddParameter): Name = "Type"; Value = "Розетка"; VariantName = "[No Variations]"
Added Component: Designator=XT2(TEST_PIN_2)
Add component. Clean all parameters for all variants
Add component (AddParameter): Name = "Published"; Value = "07.03.2013"; VariantName = "[No Variations]"
Add component (AddParameter): Name = "Publisher"; Value = "Andrew Danich"; VariantName = "[No Variations]"
Add component (AddParameter): Name = "Type"; Value = "Розетка"; VariantName = "[No Variations]"
Added Component: Designator=XT3(TEST_PIN_2)
Add component. Clean all parameters for all variants
Add component (AddParameter): Name = "Published"; Value = "07.03.2013"; VariantName = "[No Variations]"
Add component (AddParameter): Name = "Publisher"; Value = "Andrew Danich"; VariantName = "[No Variations]"
Add component (AddParameter): Name = "Type"; Value = "Розетка"; VariantName = "[No Variations]"
Added Component: Designator=XT4(TEST_PIN_2)
Add component. Clean all parameters for all variants
Add component (AddParameter): Name = "Published"; Value = "07.03.2013"; VariantName = "[No Variations]"
Add component (AddParameter): Name = "Publisher"; Value = "Andrew Danich"; VariantName = "[No Variations]"
Add component (AddParameter): Name = "Type"; Value = "Розетка"; VariantName = "[No Variations]"
Added Component: Designator=XT5(TEST_PIN_2)
Add component. Clean all parameters for all variants
Add component (AddParameter): Name = "Published"; Value = "07.03.2013"; VariantName = "[No Variations]"
Add component (AddParameter): Name = "Publisher"; Value = "Andrew Danich"; VariantName = "[No Variations]"
Add component (AddParameter): Name = "Type"; Value = "Розетка"; VariantName = "[No Variations]"
Added Component: Designator=ZQ1(KX-327NHT)
Add component. Clean all parameters for all variants
Add component (AddParameter): Name = "Published"; Value = "12.09.2014"; VariantName = "[No Variations]"
Add component (AddParameter): Name = "Publisher"; Value = "Andrew Danich"; VariantName = "[No Variations]"
Add component (AddParameter): Name = "Type"; Value = "Резонатор"; VariantName = "[No Variations]"
Add component (AddParameter): Name = "Value"; Value = "KX-327NHT"; VariantName = "[No Variations]"
Added Component: Designator=ZQ2(XRCGB)
Add component. Clean all parameters for all variants
Add component (AddParameter): Name = "Model"; Value = "XRCGB"; VariantName = "[No Variations]"
Add component (AddParameter): Name = "Published"; Value = "27.08.2015"; VariantName = "[No Variations]"
Add component (AddParameter): Name = "Publisher"; Value = "Andrew Danich"; VariantName = "[No Variations]"
Add component (AddParameter): Name = "Type"; Value = "Резонатор"; VariantName = "[No Variations]"
Add component (AddParameter): Name = "Value"; Value = "32MHz"; VariantName = "[No Variations]"
Added Pin To Net: NetName=ADC_Signal Pin=DA5-6
Added Net: Name=ADC_Signal
Added Pin To Net: NetName=Battery_TS Pin=DA2-C3
Added Pin To Net: NetName=Battery_TS Pin=R16-1
Added Pin To Net: NetName=Battery_TS Pin=R21-2
Added Pin To Net: NetName=Battery_TS Pin=XS4-1
Added Pin To Net: NetName=Battery_TS Pin=XS4-1
Added Pin To Net: NetName=Battery_TS Pin=XS4-2
Added Pin To Net: NetName=Battery_TS Pin=XS4-2
Added Net: Name=Battery_TS
Added Pin To Net: NetName=DAC_PWM_Signal Pin=R22-1
Added Pin To Net: NetName=DAC_PWM_Signal Pin=R24-1
Added Net: Name=DAC_PWM_Signal
Added Pin To Net: NetName=GEN_EN Pin=DA4-2
Added Pin To Net: NetName=GEN_EN Pin=DA4-3
Added Net: Name=GEN_EN
Added Pin To Net: NetName=GND_Analog Pin=C7-2
Added Pin To Net: NetName=GND_Analog Pin=C13-1
Added Pin To Net: NetName=GND_Analog Pin=C17-2
Added Pin To Net: NetName=GND_Analog Pin=C18-1
Added Pin To Net: NetName=GND_Analog Pin=C19-2
Added Pin To Net: NetName=GND_Analog Pin=C24-2
Added Pin To Net: NetName=GND_Analog Pin=C25-2
Added Pin To Net: NetName=GND_Analog Pin=DA3-1
Added Pin To Net: NetName=GND_Analog Pin=DA4-1
Added Pin To Net: NetName=GND_Analog Pin=DA5-4
Added Pin To Net: NetName=GND_Analog Pin=R11-1
Added Pin To Net: NetName=GND_Analog Pin=R19-1
Added Pin To Net: NetName=GND_Analog Pin=R20-2
Added Pin To Net: NetName=GND_Analog Pin=X7-1
Added Net: Name=GND_Analog
Added Pin To Net: NetName=GND_Digital Pin=C1-2
Added Pin To Net: NetName=GND_Digital Pin=C2-2
Added Pin To Net: NetName=GND_Digital Pin=C3-2
Added Pin To Net: NetName=GND_Digital Pin=C4-2
Added Pin To Net: NetName=GND_Digital Pin=C5-2
Added Pin To Net: NetName=GND_Digital Pin=C6-2
Added Pin To Net: NetName=GND_Digital Pin=C8-2
Added Pin To Net: NetName=GND_Digital Pin=C9-2
Added Pin To Net: NetName=GND_Digital Pin=C10-2
Added Pin To Net: NetName=GND_Digital Pin=C11-2
Added Pin To Net: NetName=GND_Digital Pin=C12-2
Added Pin To Net: NetName=GND_Digital Pin=C14-2
Added Pin To Net: NetName=GND_Digital Pin=C16-2
Added Pin To Net: NetName=GND_Digital Pin=DA1-2
Added Pin To Net: NetName=GND_Digital Pin=DA2-A1
Added Pin To Net: NetName=GND_Digital Pin=DA2-A5
Added Pin To Net: NetName=GND_Digital Pin=DA2-D5
Added Pin To Net: NetName=GND_Digital Pin=R12-1
Added Pin To Net: NetName=GND_Digital Pin=R13-1
Added Pin To Net: NetName=GND_Digital Pin=R14-1
Added Pin To Net: NetName=GND_Digital Pin=R20-1
Added Pin To Net: NetName=GND_Digital Pin=R21-1
Added Pin To Net: NetName=GND_Digital Pin=SB1-2
Added Pin To Net: NetName=GND_Digital Pin=SB1-4
Added Pin To Net: NetName=GND_Digital Pin=VD1-2
Added Pin To Net: NetName=GND_Digital Pin=VD2-2
Added Pin To Net: NetName=GND_Digital Pin=WA1-2
Added Pin To Net: NetName=GND_Digital Pin=XS1-5
Added Pin To Net: NetName=GND_Digital Pin=XS3-1
Added Pin To Net: NetName=GND_Digital Pin=XS3-1
Added Pin To Net: NetName=GND_Digital Pin=XS3-2
Added Pin To Net: NetName=GND_Digital Pin=XS3-2
Added Pin To Net: NetName=GND_Digital Pin=XS3-3
Added Pin To Net: NetName=GND_Digital Pin=XS3-3
Added Pin To Net: NetName=GND_Digital Pin=XS3-4
Added Pin To Net: NetName=GND_Digital Pin=XS3-4
Added Pin To Net: NetName=GND_Digital Pin=XS4-3
Added Pin To Net: NetName=GND_Digital Pin=XS4-3
Added Pin To Net: NetName=GND_Digital Pin=XS4-4
Added Pin To Net: NetName=GND_Digital Pin=XS4-4
Added Pin To Net: NetName=GND_Digital Pin=XT5-1
Added Pin To Net: NetName=GND_Digital Pin=ZQ2-2
Added Pin To Net: NetName=GND_Digital Pin=ZQ2-4
Added Net: Name=GND_Digital
Added Pin To Net: NetName=INT_Battery Pin=DA2-D2
Added Net: Name=INT_Battery
Added Pin To Net: NetName=LSCTRL_Battery Pin=DA2-E3
Added Net: Name=LSCTRL_Battery
Added Pin To Net: NetName=N_CD_Battery Pin=DA2-E2
Added Net: Name=N_CD_Battery
Added Pin To Net: NetName=N_RST_Battery Pin=DA2-D3
Added Net: Name=N_RST_Battery
Added Pin To Net: NetName=N_RST Pin=C4-1
Added Pin To Net: NetName=N_RST Pin=DA1-1
Added Pin To Net: NetName=N_RST Pin=R3-1
Added Pin To Net: NetName=N_RST Pin=XT4-1
Added Net: Name=N_RST
Added Pin To Net: NetName=NetC2_1 Pin=C2-1
Added Pin To Net: NetName=NetC2_1 Pin=ZQ1-1
Added Net: Name=NetC2_1
Added Pin To Net: NetName=NetC3_1 Pin=C3-1
Added Pin To Net: NetName=NetC3_1 Pin=ZQ1-2
Added Net: Name=NetC3_1
Added Pin To Net: NetName=NetC8_1 Pin=C8-1
Added Pin To Net: NetName=NetC8_1 Pin=R4-1
Added Pin To Net: NetName=NetC8_1 Pin=WA1-1
Added Net: Name=NetC8_1
Added Pin To Net: NetName=NetC11_1 Pin=C11-1
Added Pin To Net: NetName=NetC11_1 Pin=L1-2
Added Net: Name=NetC11_1
Added Pin To Net: NetName=NetC13_2 Pin=C13-2
Added Pin To Net: NetName=NetC13_2 Pin=DA3-10
Added Pin To Net: NetName=NetC13_2 Pin=R10-2
Added Net: Name=NetC13_2
Added Pin To Net: NetName=NetC14_1 Pin=C14-1
Added Pin To Net: NetName=NetC14_1 Pin=DA2-A3
Added Pin To Net: NetName=NetC14_1 Pin=DA2-B3
Added Pin To Net: NetName=NetC14_1 Pin=HL1-1
Added Net: Name=NetC14_1
Added Pin To Net: NetName=NetC15_1 Pin=C15-1
Added Pin To Net: NetName=NetC15_1 Pin=R9-2
Added Pin To Net: NetName=NetC15_1 Pin=R10-1
Added Net: Name=NetC15_1
Added Pin To Net: NetName=NetC18_2 Pin=C18-2
Added Pin To Net: NetName=NetC18_2 Pin=DA3-4
Added Pin To Net: NetName=NetC18_2 Pin=R18-2
Added Net: Name=NetC18_2
Added Pin To Net: NetName=NetC20_1 Pin=C20-1
Added Pin To Net: NetName=NetC20_1 Pin=R17-2
Added Pin To Net: NetName=NetC20_1 Pin=R18-1
Added Net: Name=NetC20_1
Added Pin To Net: NetName=NetC21_2 Pin=C21-2
Added Pin To Net: NetName=NetC21_2 Pin=DA4-10
Added Pin To Net: NetName=NetC21_2 Pin=R25-2
Added Net: Name=NetC21_2
Added Pin To Net: NetName=NetC22_2 Pin=C22-2
Added Pin To Net: NetName=NetC22_2 Pin=DA4-4
Added Pin To Net: NetName=NetC22_2 Pin=R26-2
Added Net: Name=NetC22_2
Added Pin To Net: NetName=NetC23_1 Pin=C23-1
Added Pin To Net: NetName=NetC23_1 Pin=R24-2
Added Pin To Net: NetName=NetC23_1 Pin=R25-1
Added Net: Name=NetC23_1
Added Pin To Net: NetName=NetC23_2 Pin=C23-2
Added Pin To Net: NetName=NetC23_2 Pin=DA4-8
Added Pin To Net: NetName=NetC23_2 Pin=DA4-9
Added Pin To Net: NetName=NetC23_2 Pin=R26-1
Added Net: Name=NetC23_2
Added Pin To Net: NetName=NetDA2_A4 Pin=DA2-A4
Added Pin To Net: NetName=NetDA2_A4 Pin=L2-1
Added Net: Name=NetDA2_A4
Added Pin To Net: NetName=NetDA2_C1 Pin=DA2-C1
Added Pin To Net: NetName=NetDA2_C1 Pin=R13-2
Added Net: Name=NetDA2_C1
Added Pin To Net: NetName=NetDA2_C2 Pin=DA2-C2
Added Pin To Net: NetName=NetDA2_C2 Pin=R14-2
Added Net: Name=NetDA2_C2
Added Pin To Net: NetName=NetDA2_D1 Pin=DA2-D1
Added Pin To Net: NetName=NetDA2_D1 Pin=R12-2
Added Net: Name=NetDA2_D1
Added Pin To Net: NetName=NetDA2_D4 Pin=DA2-D4
Added Pin To Net: NetName=NetDA2_D4 Pin=R8-1
Added Net: Name=NetDA2_D4
Added Pin To Net: NetName=NetDA2_E1 Pin=DA2-E1
Added Pin To Net: NetName=NetDA2_E1 Pin=SB1-1
Added Pin To Net: NetName=NetDA2_E1 Pin=SB1-3
Added Net: Name=NetDA2_E1
Added Pin To Net: NetName=NetDA4_5 Pin=DA4-5
Added Pin To Net: NetName=NetDA4_5 Pin=X4-1
Added Net: Name=NetDA4_5
Added Pin To Net: NetName=NetDA4_6 Pin=DA4-6
Added Pin To Net: NetName=NetDA4_6 Pin=X3-1
Added Net: Name=NetDA4_6
Added Pin To Net: NetName=NetDA5_1 Pin=DA5-1
Added Pin To Net: NetName=NetDA5_1 Pin=R27-2
Added Net: Name=NetDA5_1
Added Pin To Net: NetName=NetDA5_2 Pin=DA5-2
Added Pin To Net: NetName=NetDA5_2 Pin=R28-2
Added Pin To Net: NetName=NetDA5_2 Pin=X5-1
Added Net: Name=NetDA5_2
Added Pin To Net: NetName=NetDA5_3 Pin=DA5-3
Added Pin To Net: NetName=NetDA5_3 Pin=R23-1
Added Pin To Net: NetName=NetDA5_3 Pin=X6-1
Added Net: Name=NetDA5_3
Added Pin To Net: NetName=NetDA5_8 Pin=DA5-8
Added Pin To Net: NetName=NetDA5_8 Pin=R27-1
Added Net: Name=NetDA5_8
Added Pin To Net: NetName=NetDD1_E1 Pin=L1-1
Added Net: Name=NetDD1_E1
Added Pin To Net: NetName=NetDD1_J1 Pin=ZQ2-1
Added Net: Name=NetDD1_J1
Added Pin To Net: NetName=NetDD1_J2 Pin=ZQ2-3
Added Net: Name=NetDD1_J2
Added Pin To Net: NetName=NetFP1_1 Pin=FP1-1
Added Pin To Net: NetName=NetFP1_1 Pin=XS1-1
Added Net: Name=NetFP1_1
Added Pin To Net: NetName=NetHL1_2 Pin=HL1-2
Added Pin To Net: NetName=NetHL1_2 Pin=R8-2
Added Net: Name=NetHL1_2
Added Pin To Net: NetName=NetR1_1 Pin=R1-1
Added Pin To Net: NetName=NetR1_1 Pin=XS1-2
Added Net: Name=NetR1_1
Added Pin To Net: NetName=NetR1_2 Pin=R1-2
Added Pin To Net: NetName=NetR1_2 Pin=VD1-1
Added Net: Name=NetR1_2
Added Pin To Net: NetName=NetR2_1 Pin=R2-1
Added Pin To Net: NetName=NetR2_1 Pin=XS1-3
Added Net: Name=NetR2_1
Added Pin To Net: NetName=NetR2_2 Pin=R2-2
Added Pin To Net: NetName=NetR2_2 Pin=VD1-3
Added Net: Name=NetR2_2
Added Pin To Net: NetName=NetR7_1 Pin=R7-1
Added Pin To Net: NetName=NetR7_1 Pin=R9-1
Added Pin To Net: NetName=NetR7_1 Pin=R11-2
Added Net: Name=NetR7_1
Added Pin To Net: NetName=NetR15_1 Pin=R15-1
Added Pin To Net: NetName=NetR15_1 Pin=R17-1
Added Pin To Net: NetName=NetR15_1 Pin=R19-2
Added Net: Name=NetR15_1
Added Pin To Net: NetName=NetVD1_4 Pin=VD1-4
Added Pin To Net: NetName=NetVD1_4 Pin=VD2-3
Added Net: Name=NetVD1_4
Added Pin To Net: NetName=NetVD1_6 Pin=VD1-6
Added Pin To Net: NetName=NetVD1_6 Pin=VD2-1
Added Net: Name=NetVD1_6
Added Pin To Net: NetName=REF_1 Pin=C15-2
Added Pin To Net: NetName=REF_1 Pin=C21-1
Added Pin To Net: NetName=REF_1 Pin=C22-1
Added Pin To Net: NetName=REF_1 Pin=DA3-8
Added Pin To Net: NetName=REF_1 Pin=DA3-9
Added Pin To Net: NetName=REF_1 Pin=X1-1
Added Net: Name=REF_1
Added Pin To Net: NetName=REF_2 Pin=C20-2
Added Pin To Net: NetName=REF_2 Pin=DA3-5
Added Pin To Net: NetName=REF_2 Pin=DA3-6
Added Pin To Net: NetName=REF_2 Pin=DA5-5
Added Pin To Net: NetName=REF_2 Pin=R23-2
Added Pin To Net: NetName=REF_2 Pin=R28-1
Added Net: Name=REF_2
Added Pin To Net: NetName=REF_EN Pin=DA3-2
Added Pin To Net: NetName=REF_EN Pin=DA3-3
Added Net: Name=REF_EN
Added Pin To Net: NetName=RF_line_50_Ohm Pin=C9-1
Added Pin To Net: NetName=RF_line_50_Ohm Pin=R4-2
Added Net: Name=RF_line_50_Ohm
Added Pin To Net: NetName=SCL_Battery Pin=DA2-E5
Added Pin To Net: NetName=SCL_Battery Pin=R5-1
Added Net: Name=SCL_Battery
Added Pin To Net: NetName=SDA_Battery Pin=DA2-E4
Added Pin To Net: NetName=SDA_Battery Pin=R6-1
Added Net: Name=SDA_Battery
Added Pin To Net: NetName=SWCLK Pin=XT3-1
Added Net: Name=SWCLK
Added Pin To Net: NetName=SWDIO Pin=XT2-1
Added Net: Name=SWDIO
Added Pin To Net: NetName=USB_D_N Pin=VD2-6
Added Net: Name=USB_D_N
Added Pin To Net: NetName=USB_D_P Pin=VD2-4
Added Net: Name=USB_D_P
Added Pin To Net: NetName=V_Battery Pin=DA1-4
Added Pin To Net: NetName=V_Battery Pin=DA2-B1
Added Pin To Net: NetName=V_Battery Pin=DA2-B2
Added Pin To Net: NetName=V_Battery Pin=XS2-1
Added Pin To Net: NetName=V_Battery Pin=XS2-1
Added Pin To Net: NetName=V_Battery Pin=XS2-2
Added Pin To Net: NetName=V_Battery Pin=XS2-2
Added Pin To Net: NetName=V_Battery Pin=XS2-3
Added Pin To Net: NetName=V_Battery Pin=XS2-3
Added Pin To Net: NetName=V_Battery Pin=XS2-4
Added Pin To Net: NetName=V_Battery Pin=XS2-4
Added Net: Name=V_Battery
Added Pin To Net: NetName=VDD_Analog Pin=C7-1
Added Pin To Net: NetName=VDD_Analog Pin=C17-1
Added Pin To Net: NetName=VDD_Analog Pin=C19-1
Added Pin To Net: NetName=VDD_Analog Pin=C24-1
Added Pin To Net: NetName=VDD_Analog Pin=C25-1
Added Pin To Net: NetName=VDD_Analog Pin=DA2-C5
Added Pin To Net: NetName=VDD_Analog Pin=DA3-7
Added Pin To Net: NetName=VDD_Analog Pin=DA4-7
Added Pin To Net: NetName=VDD_Analog Pin=DA5-7
Added Pin To Net: NetName=VDD_Analog Pin=R7-2
Added Pin To Net: NetName=VDD_Analog Pin=R15-2
Added Pin To Net: NetName=VDD_Analog Pin=R22-2
Added Pin To Net: NetName=VDD_Analog Pin=X2-1
Added Net: Name=VDD_Analog
Added Pin To Net: NetName=VDD_Bat Pin=C1-1
Added Pin To Net: NetName=VDD_Bat Pin=DA1-5
Added Pin To Net: NetName=VDD_Bat Pin=R3-2
Added Net: Name=VDD_Bat
Added Pin To Net: NetName=VDD_Digital Pin=C5-1
Added Pin To Net: NetName=VDD_Digital Pin=C6-1
Added Pin To Net: NetName=VDD_Digital Pin=C10-1
Added Pin To Net: NetName=VDD_Digital Pin=C12-1
Added Pin To Net: NetName=VDD_Digital Pin=C16-1
Added Pin To Net: NetName=VDD_Digital Pin=DA2-B4
Added Pin To Net: NetName=VDD_Digital Pin=DA2-B5
Added Pin To Net: NetName=VDD_Digital Pin=DA2-C4
Added Pin To Net: NetName=VDD_Digital Pin=L2-2
Added Pin To Net: NetName=VDD_Digital Pin=R5-2
Added Pin To Net: NetName=VDD_Digital Pin=R6-2
Added Pin To Net: NetName=VDD_Digital Pin=XT1-1
Added Net: Name=VDD_Digital
Added Pin To Net: NetName=VDD_USB Pin=DA2-A2
Added Pin To Net: NetName=VDD_USB Pin=FP1-2
Added Pin To Net: NetName=VDD_USB Pin=R16-2
Added Pin To Net: NetName=VDD_USB Pin=VD1-5
Added Pin To Net: NetName=VDD_USB Pin=VD2-5
Added Net: Name=VDD_USB
Added Class: Name=Sheet_1
Added Class: Name=Sheet_2
Added Differential Pair: Name=USB_D
Added Room: Name=Sheet_1
Added Room: Name=Sheet_2
