Removed Pin From Net: NetName=VDD_Digital Pin=R3-2
Removed Member From Class: ClassName=Sheet_1 Member=C13
Removed Member From Class: ClassName=Sheet_1 Member=DA3
Change component parameters: Designator = "R3"; Footprint = "R0201"; UniqueID = "\DBZOAOYQ"
Change component parameters. Clean all parameters for all variants
Change component parameters (AddParameter): Name = "Published"; Value = "19.09.2014"; VariantName = "[No Variations]"
Change component parameters (AddParameter): Name = "Publisher"; Value = "Andrew Danich"; VariantName = "[No Variations]"
Change component parameters (AddParameter): Name = "Type"; Value = "Резистор"; VariantName = "[No Variations]"
Change component parameters (AddParameter): Name = "Value"; Value = "100k"; VariantName = "[No Variations]"
Change component parameters: Designator = "DA1"; Footprint = "SC70-5"; UniqueID = "\PVKLYOCP"
Change component parameters. Clean all parameters for all variants
Change component parameters (AddParameter): Name = "Name"; Value = "TPS79730QDCKRQ1"; VariantName = "[No Variations]"
Change component parameters (AddParameter): Name = "Published"; Value = "21.01.2015"; VariantName = "[No Variations]"
Change component parameters (AddParameter): Name = "Publisher"; Value = "Andrew Danich"; VariantName = "[No Variations]"
Change component parameters (AddParameter): Name = "Type"; Value = "Микросхема"; VariantName = "[No Variations]"
Change component parameters (AddParameter): Name = "Value"; Value = "3.0V"; VariantName = "[No Variations]"
Added Pin To Net: NetName=VDD_Bat Pin=R3-2
Added Member To Class: ClassName=Sheet_1 Member=Component C1 X7R
Added Member To Class: ClassName=Sheet_1 Member=Component C2 C0G
Added Member To Class: ClassName=Sheet_1 Member=Component C3 C0G
Added Member To Class: ClassName=Sheet_1 Member=Component C6 X7R
Added Member To Class: ClassName=Sheet_1 Member=Component C7 X7R
Added Member To Class: ClassName=Sheet_1 Member=Component C9 C0G
Added Member To Class: ClassName=Sheet_1 Member=Component C11 X7R
Added Member To Class: ClassName=Sheet_2 Member=Component C14 X7R
Added Member To Class: ClassName=Sheet_2 Member=Component C16 X7R
Added Member To Class: ClassName=Sheet_2 Member=Component C18 X7R
Added Member To Class: ClassName=Sheet_2 Member=Component C20 X7R
Added Member To Class: ClassName=Sheet_2 Member=Component C22 X7R
Added Member To Class: ClassName=Sheet_2 Member=Component C23 X7R
Added Member To Class: ClassName=Sheet_1 Member=Component DA1 TPS79718QDCKRQ1
Added Member To Class: ClassName=Sheet_2 Member=Component DA2 BQ25121A
Added Member To Class: ClassName=Sheet_2 Member=Component DA4 TLV9042SIRUGR
