Removed Member From Class: ClassName=Sheet_2 Member=C6
Removed Member From Class: ClassName=Sheet_2 Member=C9
Change Component Footprint: Designator=C1 Old Footprint=C0201 New Footprint=C0201_2
Change Component Footprint: Designator=C2 Old Footprint=C0201 New Footprint=C0201_2
Change Component Footprint: Designator=C3 Old Footprint=C0201 New Footprint=C0201_2
Change Component Footprint: Designator=C4 Old Footprint=C0201 New Footprint=C0201_2
Change Component Footprint: Designator=C7 Old Footprint=C0201 New Footprint=C0201_2
Change Component Footprint: Designator=C9 Old Footprint=C0201 New Footprint=C0201_2
Change Component Footprint: Designator=C10 Old Footprint=C0201 New Footprint=C0201_2
Change Component Footprint: Designator=C12 Old Footprint=C0201 New Footprint=C0201_2
Change Component Footprint: Designator=C14 Old Footprint=C0201 New Footprint=C0201_2
Change Component Footprint: Designator=C15 Old Footprint=C0201 New Footprint=C0201_2
Change Component Footprint: Designator=C17 Old Footprint=C0201 New Footprint=C0201_2
Change Component Footprint: Designator=C18 Old Footprint=C0201 New Footprint=C0201_2
Change Component Footprint: Designator=C19 Old Footprint=C0201 New Footprint=C0201_2
Change Component Footprint: Designator=C20 Old Footprint=C0201 New Footprint=C0201_2
Change Component Footprint: Designator=C21 Old Footprint=C0201 New Footprint=C0201_2
Change Component Footprint: Designator=C22 Old Footprint=C0201 New Footprint=C0201_2
Change Component Footprint: Designator=R1 Old Footprint=R0201 New Footprint=R0201_2
Change Component Footprint: Designator=R2 Old Footprint=R0201 New Footprint=R0201_2
Change Component Footprint: Designator=R3 Old Footprint=R0201 New Footprint=R0201_2
Change Component Footprint: Designator=R4 Old Footprint=R0201 New Footprint=R0201_2
Change Component Footprint: Designator=R5 Old Footprint=R0201 New Footprint=R0201_2
Change Component Footprint: Designator=R6 Old Footprint=R0201 New Footprint=R0201_2
Change Component Footprint: Designator=R7 Old Footprint=R0201 New Footprint=R0201_2
Change Component Footprint: Designator=R8 Old Footprint=R0201 New Footprint=R0201_2
Change Component Footprint: Designator=R9 Old Footprint=R0201 New Footprint=R0201_2
Change Component Footprint: Designator=R10 Old Footprint=R0201 New Footprint=R0201_2
Change Component Footprint: Designator=R11 Old Footprint=R0201 New Footprint=R0201_2
Change Component Footprint: Designator=R12 Old Footprint=R0201 New Footprint=R0201_2
Change Component Footprint: Designator=R13 Old Footprint=R0201 New Footprint=R0201_2
Change Component Footprint: Designator=R14 Old Footprint=R0201 New Footprint=R0201_2
Change Component Footprint: Designator=R15 Old Footprint=R0201 New Footprint=R0201_2
Change Component Footprint: Designator=R16 Old Footprint=R0201 New Footprint=R0201_2
Change Component Footprint: Designator=R17 Old Footprint=R0201 New Footprint=R0201_2
Change Component Footprint: Designator=R18 Old Footprint=R0201 New Footprint=R0201_2
Change Component Footprint: Designator=R19 Old Footprint=R0201 New Footprint=R0201_2
Change Component Footprint: Designator=R20 Old Footprint=R0201 New Footprint=R0201_2
Change Component Footprint: Designator=R21 Old Footprint=R0201 New Footprint=R0201_2
Change Component Footprint: Designator=R22 Old Footprint=R0201 New Footprint=R0201_2
Change Component Footprint: Designator=R23 Old Footprint=R0201 New Footprint=R0201_2
Change Component Footprint: Designator=R24 Old Footprint=R0201 New Footprint=R0201_2
Change Component Footprint: Designator=R25 Old Footprint=R0201 New Footprint=R0201_2
Change Component Footprint: Designator=R26 Old Footprint=R0201 New Footprint=R0201_2
Change Component Footprint: Designator=R27 Old Footprint=R0201 New Footprint=R0201_2
Change Component Footprint: Designator=R28 Old Footprint=R0201 New Footprint=R0201_2
Change Component Footprint: Designator=X1 Old Footprint=Sensor_Con_Pin New Footprint=Battery_Pin
Change Component Footprint: Designator=X2 Old Footprint=Sensor_Con_Pin New Footprint=Battery_Pin
Change Component Footprint: Designator=X3 Old Footprint=Sensor_Con_Pin New Footprint=Battery_Pin
Change Component Footprint: Designator=X4 Old Footprint=Sensor_Con_Pin New Footprint=Battery_Pin
Change Component Footprint: Designator=X5 Old Footprint=Sensor_Con_Pin New Footprint=Battery_Pin
Change Component Footprint: Designator=X6 Old Footprint=Sensor_Con_Pin New Footprint=Battery_Pin
Change Component Footprint: Designator=X7 Old Footprint=Sensor_Con_Pin New Footprint=Battery_Pin
Change Component Library : Designator=WA1 Old Library= New Library=Ant GOST.SchLib
Change Component Library : Designator=DA2 Old Library= New Library=Battery Control GOST.SchLib
Change Component Library : Designator=SB1 Old Library= New Library=Button GOST.SchLib
Change Component Library : Designator=C1 Old Library= New Library=Capacitor GOST.SchLib
Change Component Library : Designator=C2 Old Library= New Library=Capacitor GOST.SchLib
Change Component Library : Designator=C3 Old Library= New Library=Capacitor GOST.SchLib
Change Component Library : Designator=C4 Old Library= New Library=Capacitor GOST.SchLib
Change Component Library : Designator=C5 Old Library= New Library=Capacitor GOST.SchLib
Change Component Library : Designator=C6 Old Library= New Library=Capacitor GOST.SchLib
Change Component Library : Designator=C7 Old Library= New Library=Capacitor GOST.SchLib
Change Component Library : Designator=C8 Old Library= New Library=Capacitor GOST.SchLib
Change Component Library : Designator=C9 Old Library= New Library=Capacitor GOST.SchLib
Change Component Library : Designator=C10 Old Library= New Library=Capacitor GOST.SchLib
Change Component Library : Designator=C11 Old Library= New Library=Capacitor GOST.SchLib
Change Component Library : Designator=C12 Old Library= New Library=Capacitor GOST.SchLib
Change Component Library : Designator=C13 Old Library= New Library=Capacitor GOST.SchLib
Change Component Library : Designator=C14 Old Library= New Library=Capacitor GOST.SchLib
Change Component Library : Designator=C15 Old Library= New Library=Capacitor GOST.SchLib
Change Component Library : Designator=C16 Old Library= New Library=Capacitor GOST.SchLib
Change Component Library : Designator=C17 Old Library= New Library=Capacitor GOST.SchLib
Change Component Library : Designator=C18 Old Library= New Library=Capacitor GOST.SchLib
Change Component Library : Designator=C19 Old Library= New Library=Capacitor GOST.SchLib
Change Component Library : Designator=C20 Old Library= New Library=Capacitor GOST.SchLib
Change Component Library : Designator=C21 Old Library= New Library=Capacitor GOST.SchLib
Change Component Library : Designator=C22 Old Library= New Library=Capacitor GOST.SchLib
Change Component Library : Designator=L1 Old Library= New Library=Coil GOST.SchLib
Change Component Library : Designator=L2 Old Library= New Library=Coil GOST.SchLib
Change Component Library : Designator=X1 Old Library= New Library=Connector GOST.SchLib
Change Component Library : Designator=X2 Old Library= New Library=Connector GOST.SchLib
Change Component Library : Designator=X3 Old Library= New Library=Connector GOST.SchLib
Change Component Library : Designator=X4 Old Library= New Library=Connector GOST.SchLib
Change Component Library : Designator=X5 Old Library= New Library=Connector GOST.SchLib
Change Component Library : Designator=X6 Old Library= New Library=Connector GOST.SchLib
Change Component Library : Designator=X7 Old Library= New Library=Connector GOST.SchLib
Change Component Library : Designator=XS1 Old Library= New Library=Connector GOST.SchLib
Change Component Library : Designator=XS2 Old Library= New Library=Connector GOST.SchLib
Change Component Library : Designator=XS3 Old Library= New Library=Connector GOST.SchLib
Change Component Library : Designator=XS4 Old Library= New Library=Connector GOST.SchLib
Change Component Library : Designator=XT1 Old Library= New Library=Connector GOST.SchLib
Change Component Library : Designator=XT2 Old Library= New Library=Connector GOST.SchLib
Change Component Library : Designator=XT3 Old Library= New Library=Connector GOST.SchLib
Change Component Library : Designator=XT4 Old Library= New Library=Connector GOST.SchLib
Change Component Library : Designator=XT5 Old Library= New Library=Connector GOST.SchLib
Change Component Library : Designator=ZQ1 Old Library= New Library=Crystal GOST.SchLib
Change Component Library : Designator=VD1 Old Library= New Library=Diode GOST.SchLib
Change Component Library : Designator=FP1 Old Library= New Library=Fuse GOST.SchLib
Change Component Library : Designator=HL1 Old Library= New Library=Led GOST.SchLib
Change Component Library : Designator=DA3 Old Library= New Library=OPA GOST.SchLib
Change Component Library : Designator=DA4 Old Library= New Library=OPA GOST.SchLib
Change Component Library : Designator=DA5 Old Library= New Library=OPA GOST.SchLib
Change Component Library : Designator=R1 Old Library= New Library=Resistor GOST.SchLib
Change Component Library : Designator=R2 Old Library= New Library=Resistor GOST.SchLib
Change Component Library : Designator=R3 Old Library= New Library=Resistor GOST.SchLib
Change Component Library : Designator=R4 Old Library= New Library=Resistor GOST.SchLib
Change Component Library : Designator=R5 Old Library= New Library=Resistor GOST.SchLib
Change Component Library : Designator=R6 Old Library= New Library=Resistor GOST.SchLib
Change Component Library : Designator=R7 Old Library= New Library=Resistor GOST.SchLib
Change Component Library : Designator=R8 Old Library= New Library=Resistor GOST.SchLib
Change Component Library : Designator=R9 Old Library= New Library=Resistor GOST.SchLib
Change Component Library : Designator=R10 Old Library= New Library=Resistor GOST.SchLib
Change Component Library : Designator=R11 Old Library= New Library=Resistor GOST.SchLib
Change Component Library : Designator=R12 Old Library= New Library=Resistor GOST.SchLib
Change Component Library : Designator=R13 Old Library= New Library=Resistor GOST.SchLib
Change Component Library : Designator=R14 Old Library= New Library=Resistor GOST.SchLib
Change Component Library : Designator=R15 Old Library= New Library=Resistor GOST.SchLib
Change Component Library : Designator=R16 Old Library= New Library=Resistor GOST.SchLib
Change Component Library : Designator=R17 Old Library= New Library=Resistor GOST.SchLib
Change Component Library : Designator=R18 Old Library= New Library=Resistor GOST.SchLib
Change Component Library : Designator=R19 Old Library= New Library=Resistor GOST.SchLib
Change Component Library : Designator=R20 Old Library= New Library=Resistor GOST.SchLib
Change Component Library : Designator=R21 Old Library= New Library=Resistor GOST.SchLib
Change Component Library : Designator=R22 Old Library= New Library=Resistor GOST.SchLib
Change Component Library : Designator=R23 Old Library= New Library=Resistor GOST.SchLib
Change Component Library : Designator=R24 Old Library= New Library=Resistor GOST.SchLib
Change Component Library : Designator=R25 Old Library= New Library=Resistor GOST.SchLib
Change Component Library : Designator=R26 Old Library= New Library=Resistor GOST.SchLib
Change Component Library : Designator=R27 Old Library= New Library=Resistor GOST.SchLib
Change Component Library : Designator=R28 Old Library= New Library=Resistor GOST.SchLib
Change component parameters: Designator = "C22"; Footprint = "C0201_2"; UniqueID = "\YQNPFHMG"
Change component parameters. Clean all parameters for all variants
Change component parameters (AddParameter): Name = "Published"; Value = "18.05.2010"; VariantName = "[No Variations]"
Change component parameters (AddParameter): Name = "Publisher"; Value = "Andrew Danich"; VariantName = "[No Variations]"
Change component parameters (AddParameter): Name = "Type"; Value = "Конденсатор"; VariantName = "[No Variations]"
Change component parameters (AddParameter): Name = "Value"; Value = "0.11u"; VariantName = "[No Variations]"
Change component parameters (AddParameter): Name = "Voltage"; Value = "16V"; VariantName = "[No Variations]"
Change component parameters: Designator = "R3"; Footprint = "R0201_2"; UniqueID = "\DBZOAOYQ"
Change component parameters. Clean all parameters for all variants
Change component parameters (AddParameter): Name = "Published"; Value = "19.09.2014"; VariantName = "[No Variations]"
Change component parameters (AddParameter): Name = "Publisher"; Value = "Andrew Danich"; VariantName = "[No Variations]"
Change component parameters (AddParameter): Name = "Type"; Value = "Резистор"; VariantName = "[No Variations]"
Change component parameters (AddParameter): Name = "Value"; Value = "51k"; VariantName = "[No Variations]"
Change component parameters: Designator = "C8"; Footprint = "C0603"; UniqueID = "\HFWOOJGH"
Change component parameters. Clean all parameters for all variants
Change component parameters (AddParameter): Name = "Published"; Value = "18.05.2010"; VariantName = "[No Variations]"
Change component parameters (AddParameter): Name = "Publisher"; Value = "Andrew Danich"; VariantName = "[No Variations]"
Change component parameters (AddParameter): Name = "Type"; Value = "Конденсатор"; VariantName = "[No Variations]"
Change component parameters (AddParameter): Name = "Value"; Value = "4u7"; VariantName = "[No Variations]"
Change component parameters (AddParameter): Name = "Voltage"; Value = "6.3V"; VariantName = "[No Variations]"
Change component parameters: Designator = "C18"; Footprint = "C0201_2"; UniqueID = "\BQNWKRDJ"
Change component parameters. Clean all parameters for all variants
Change component parameters (AddParameter): Name = "Published"; Value = "18.05.2010"; VariantName = "[No Variations]"
Change component parameters (AddParameter): Name = "Publisher"; Value = "Andrew Danich"; VariantName = "[No Variations]"
Change component parameters (AddParameter): Name = "Type"; Value = "Конденсатор"; VariantName = "[No Variations]"
Change component parameters (AddParameter): Name = "Value"; Value = "0.01u"; VariantName = "[No Variations]"
Change component parameters (AddParameter): Name = "Voltage"; Value = "50V"; VariantName = "[No Variations]"
Change component parameters: Designator = "C20"; Footprint = "C0201_2"; UniqueID = "\QCHSVRDV"
Change component parameters. Clean all parameters for all variants
Change component parameters (AddParameter): Name = "Published"; Value = "18.05.2010"; VariantName = "[No Variations]"
Change component parameters (AddParameter): Name = "Publisher"; Value = "Andrew Danich"; VariantName = "[No Variations]"
Change component parameters (AddParameter): Name = "Type"; Value = "Конденсатор"; VariantName = "[No Variations]"
Change component parameters (AddParameter): Name = "Value"; Value = "0.01u"; VariantName = "[No Variations]"
Change component parameters (AddParameter): Name = "Voltage"; Value = "50V"; VariantName = "[No Variations]"
Change component parameters: Designator = "XS4"; Footprint = "C5812-04"; UniqueID = "\AMCWQQMX"
Change component parameters. Clean all parameters for all variants
Change component parameters (AddParameter): Name = "1_line"; Value = "TS_Battery"; VariantName = "[No Variations]"
Change component parameters (AddParameter): Name = "2_line"; Value = "TS_Battery"; VariantName = "[No Variations]"
Change component parameters (AddParameter): Name = "3_line"; Value = "GND_Digital"; VariantName = "[No Variations]"
Change component parameters (AddParameter): Name = "4_line"; Value = "GND_Digital"; VariantName = "[No Variations]"
Change component parameters (AddParameter): Name = "Published"; Value = "07.03.2013"; VariantName = "[No Variations]"
Change component parameters (AddParameter): Name = "Publisher"; Value = "Andrew Danich"; VariantName = "[No Variations]"
Change component parameters (AddParameter): Name = "Specification"; Value = ""; VariantName = "[No Variations]"
Change component parameters (AddParameter): Name = "Type"; Value = "Розетка"; VariantName = "[No Variations]"
Change component parameters (AddParameter): Name = "Value"; Value = "C5812-04BDGHNTR"; VariantName = "[No Variations]"
Added Member To Class: ClassName=Sheet_1 Member=Component C2 X7R
Added Member To Class: ClassName=Sheet_1 Member=Component C3 X7R
Added Member To Class: ClassName=Sheet_1 Member=Component C4 X7R
Added Member To Class: ClassName=Sheet_1 Member=Component C7 X7R
Added Member To Class: ClassName=Sheet_1 Member=Component C8 X7R
Added Member To Class: ClassName=Sheet_2 Member=Component C10 X7R
Added Member To Class: ClassName=Sheet_2 Member=Component C11 X7R
Added Member To Class: ClassName=Sheet_2 Member=Component C12 X7R
Added Member To Class: ClassName=Sheet_2 Member=Component C13 X7R
Added Member To Class: ClassName=Sheet_2 Member=Component C15 X7R
Added Member To Class: ClassName=Sheet_2 Member=Component C16 X5R
Added Member To Class: ClassName=Sheet_2 Member=Component C18 X7R
Added Member To Class: ClassName=Sheet_2 Member=Component C19 X7R
Added Member To Class: ClassName=Sheet_2 Member=Component C20 X7R
Added Member To Class: ClassName=Sheet_2 Member=Component C21 X7R
Added Member To Class: ClassName=Sheet_1 Member=Component ZQ1 XRCGB
