Added Component: Designator=R4(R0201)
Add component. Clean all parameters for all variants
Add component (AddParameter): Name = "Published"; Value = "19.09.2014"; VariantName = "[No Variations]"
Add component (AddParameter): Name = "Publisher"; Value = "Andrew Danich"; VariantName = "[No Variations]"
Add component (AddParameter): Name = "Type"; Value = "Резистор"; VariantName = "[No Variations]"
Add component (AddParameter): Name = "Value"; Value = "0"; VariantName = "[No Variations]"
Added Pin To Net: NetName=NetC8_1 Pin=R4-1
Added Pin To Net: NetName=RF_line_50_Ohm Pin=R4-2
Added Member To Class: ClassName=Sheet_1 Member=Component R2 ERJ1GN
Added Member To Class: ClassName=Sheet_1 Member=Component R3 ERJ1GN
Added Member To Class: ClassName=Sheet_1 Member=Component R4 ERJ1GN
Added Member To Class: ClassName=Sheet_2 Member=Component R5 ERJ1GN
Added Member To Class: ClassName=Sheet_2 Member=Component R6 ERJ1GN
Added Member To Class: ClassName=Sheet_2 Member=Component R8 ERJ1GN
Added Member To Class: ClassName=Sheet_2 Member=Component R9 ERJ1GN
Added Member To Class: ClassName=Sheet_2 Member=Component R10 ERJ1GN
Added Member To Class: ClassName=Sheet_2 Member=Component R11 ERJ1GN
Added Member To Class: ClassName=Sheet_2 Member=Component R13 ERJ1GN
Added Member To Class: ClassName=Sheet_2 Member=Component R14 ERJ1GN
Added Member To Class: ClassName=Sheet_2 Member=Component R16 ERJ1GN
Added Member To Class: ClassName=Sheet_2 Member=Component R17 ERJ1GN
Added Member To Class: ClassName=Sheet_2 Member=Component R18 ERJ1GN
Added Member To Class: ClassName=Sheet_2 Member=Component R19 ERJ1GN
Added Member To Class: ClassName=Sheet_2 Member=Component R21 ERJ1GN
Added Member To Class: ClassName=Sheet_2 Member=Component R22 ERJ1GN
Added Member To Class: ClassName=Sheet_2 Member=Component R23 ERJ1GN
Added Member To Class: ClassName=Sheet_2 Member=Component R24 ERJ1GN
Added Member To Class: ClassName=Sheet_2 Member=Component R26 ERJ1GN
Added Member To Class: ClassName=Sheet_2 Member=Component R27 ERJ1GN
