Removed Pin From Net: NetName=SCL_Battery Pin=R2-1
Removed Pin From Net: NetName=VDD_Digital Pin=R2-2
Removed Pin From Net: NetName=SDA_Battery Pin=R3-1
Removed Pin From Net: NetName=VDD_Digital Pin=R3-2
Removed Member From Class: ClassName=Sheet_1 Member=R8
Removed Member From Class: ClassName=Sheet_1 Member=R9
Change Component Designator: OldDesignator=R4 NewDesignator=R2
Change Component Designator: OldDesignator=R5 NewDesignator=R3
Change Component Designator: OldDesignator=R6 NewDesignator=R4
Change Component Designator: OldDesignator=R7 NewDesignator=R5
Change Component Designator: OldDesignator=R8 NewDesignator=R6
Change Component Designator: OldDesignator=R9 NewDesignator=R7
Change Component Designator: OldDesignator=R10 NewDesignator=R8
Change Component Designator: OldDesignator=R11 NewDesignator=R9
Change Component Designator: OldDesignator=R12 NewDesignator=R10
Change Component Designator: OldDesignator=R13 NewDesignator=R11
Change Component Designator: OldDesignator=R14 NewDesignator=R12
Change Component Designator: OldDesignator=R15 NewDesignator=R13
Change Component Designator: OldDesignator=R16 NewDesignator=R14
Change Component Designator: OldDesignator=R17 NewDesignator=R15
Change Component Designator: OldDesignator=R18 NewDesignator=R16
Change Component Designator: OldDesignator=R19 NewDesignator=R17
Change Component Designator: OldDesignator=R20 NewDesignator=R18
Change Component Designator: OldDesignator=R21 NewDesignator=R19
Change Component Designator: OldDesignator=R22 NewDesignator=R20
Change Component Designator: OldDesignator=R23 NewDesignator=R21
Change Component Designator: OldDesignator=R24 NewDesignator=R22
Change Component Designator: OldDesignator=R25 NewDesignator=R23
Change Component Designator: OldDesignator=R26 NewDesignator=R24
Change Component Designator: OldDesignator=R27 NewDesignator=R25
Change Component Designator: OldDesignator=R28 NewDesignator=R26
Change Component Designator: OldDesignator=R29 NewDesignator=R27
Change Component Designator: OldDesignator=R30 NewDesignator=R28
Change Net Name : Old Net Name=NetR4_1 New Net Name=NetR2_1
Change Net Name : Old Net Name=NetR4_2 New Net Name=NetR2_2
Change Net Name : Old Net Name=NetR9_1 New Net Name=NetR7_1
Change Net Name : Old Net Name=NetR17_1 New Net Name=NetR15_1
Added Member To Class: ClassName=Sheet_1 Member=Component R2 ERJ1GN
Added Member To Class: ClassName=Sheet_2 Member=Component R5 ERJ1GN
Added Member To Class: ClassName=Sheet_2 Member=Component R10 ERJ1GN
Added Member To Class: ClassName=Sheet_2 Member=Component R13 ERJ1GN
Added Member To Class: ClassName=Sheet_2 Member=Component R18 ERJ1GN
Added Member To Class: ClassName=Sheet_2 Member=Component R23 ERJ1GN
Added Member To Class: ClassName=Sheet_2 Member=Component R26 ERJ1GN
