Replace Part C1 X7R C0201 in D:\Resume\Sample 1\Sheets\Sheet_1.SchDoc with X7R C0201 from Capacitor GOST.SchLib
Replace Part C2 X7R C0201 in D:\Resume\Sample 1\Sheets\Sheet_1.SchDoc with X7R C0201 from Capacitor GOST.SchLib
Replace Part C3 X7R C0201 in D:\Resume\Sample 1\Sheets\Sheet_1.SchDoc with X7R C0201 from Capacitor GOST.SchLib
Replace Part C4 X7R C0201 in D:\Resume\Sample 1\Sheets\Sheet_1.SchDoc with X7R C0201 from Capacitor GOST.SchLib
Replace Part C5 C0G C0201 in D:\Resume\Sample 1\Sheets\Sheet_1.SchDoc with C0G C0201 from Capacitor GOST.SchLib
Replace Part C6 C0G C0201 in D:\Resume\Sample 1\Sheets\Sheet_1.SchDoc with C0G C0201 from Capacitor GOST.SchLib
Replace Part C7 X7R C0201 in D:\Resume\Sample 1\Sheets\Sheet_1.SchDoc with X7R C0201 from Capacitor GOST.SchLib
Replace Part C8 X7R C0603 in D:\Resume\Sample 1\Sheets\Sheet_1.SchDoc with X7R C0603 from Capacitor GOST.SchLib
Replace Part C9 X7R C0201 in D:\Resume\Sample 1\Sheets\Sheet_1.SchDoc with X7R C0201 from Capacitor GOST.SchLib
Replace Part DA1 TPS79730QDCKRQ1 in D:\Resume\Sample 1\Sheets\Sheet_1.SchDoc with TPS79730QDCKRQ1 from Linear Regulator GOST.SchLib
Replace Part DD1 STM32WB55VC in D:\Resume\Sample 1\Sheets\Sheet_1.SchDoc with STM32WB55VC from MCU GOST.SchLib
Replace Part FP1 MF-USM005 in D:\Resume\Sample 1\Sheets\Sheet_1.SchDoc with MF-USM005 from Fuse GOST.SchLib
Replace Part L1 LQM21FN100M70L in D:\Resume\Sample 1\Sheets\Sheet_1.SchDoc with LQM21FN100M70L from Coil GOST.SchLib
Replace Part R1 R0201 in D:\Resume\Sample 1\Sheets\Sheet_1.SchDoc with R0201 from Resistor GOST.SchLib
Replace Part R2 R0201 in D:\Resume\Sample 1\Sheets\Sheet_1.SchDoc with R0201 from Resistor GOST.SchLib
Replace Part R3 R0201 in D:\Resume\Sample 1\Sheets\Sheet_1.SchDoc with R0201 from Resistor GOST.SchLib
Replace Part R4 R0201 in D:\Resume\Sample 1\Sheets\Sheet_1.SchDoc with R0201 from Resistor GOST.SchLib
Replace Part VD1 USBLC6-2P6 in D:\Resume\Sample 1\Sheets\Sheet_1.SchDoc with USBLC6-2P6 from Diode GOST.SchLib
Replace Part WA1 1001312 in D:\Resume\Sample 1\Sheets\Sheet_1.SchDoc with 1001312 from Ant GOST.SchLib
Replace Part XS1 2108877-1 in D:\Resume\Sample 1\Sheets\Sheet_1.SchDoc with 2108877-1 from Connector GOST.SchLib
Replace Part XT1 Test_Pin in D:\Resume\Sample 1\Sheets\Sheet_1.SchDoc with Test_Pin from Connector GOST.SchLib
Replace Part XT2 Test_Pin in D:\Resume\Sample 1\Sheets\Sheet_1.SchDoc with Test_Pin from Connector GOST.SchLib
Replace Part XT3 Test_Pin in D:\Resume\Sample 1\Sheets\Sheet_1.SchDoc with Test_Pin from Connector GOST.SchLib
Replace Part XT4 Test_Pin in D:\Resume\Sample 1\Sheets\Sheet_1.SchDoc with Test_Pin from Connector GOST.SchLib
Replace Part XT5 Test_Pin in D:\Resume\Sample 1\Sheets\Sheet_1.SchDoc with Test_Pin from Connector GOST.SchLib
Replace Part ZQ1 XRCGB in D:\Resume\Sample 1\Sheets\Sheet_1.SchDoc with XRCGB from Crystal GOST.SchLib
