Replace Part C10 X7R C0201 in D:\Resume\Sample 1\Sheets\Sheet_2.SchDoc with X7R C0201 from Capacitor GOST.SchLib
Replace Part C11 X7R C0603 in D:\Resume\Sample 1\Sheets\Sheet_2.SchDoc with X7R C0603 from Capacitor GOST.SchLib
Replace Part C12 X7R C0201 in D:\Resume\Sample 1\Sheets\Sheet_2.SchDoc with X7R C0201 from Capacitor GOST.SchLib
Replace Part C13 X7R C0603 in D:\Resume\Sample 1\Sheets\Sheet_2.SchDoc with X7R C0603 from Capacitor GOST.SchLib
Replace Part C14 X7R C0201 in D:\Resume\Sample 1\Sheets\Sheet_2.SchDoc with X7R C0201 from Capacitor GOST.SchLib
Replace Part C15 X7R C0201 in D:\Resume\Sample 1\Sheets\Sheet_2.SchDoc with X7R C0201 from Capacitor GOST.SchLib
Replace Part C16 X5R C0402 in D:\Resume\Sample 1\Sheets\Sheet_2.SchDoc with X5R C0402 from Capacitor GOST.SchLib
Replace Part C17 X7R C0201 in D:\Resume\Sample 1\Sheets\Sheet_2.SchDoc with X7R C0201 from Capacitor GOST.SchLib
Replace Part C18 X7R C0201 in D:\Resume\Sample 1\Sheets\Sheet_2.SchDoc with X7R C0201 from Capacitor GOST.SchLib
Replace Part C19 X7R C0201 in D:\Resume\Sample 1\Sheets\Sheet_2.SchDoc with X7R C0201 from Capacitor GOST.SchLib
Replace Part C20 X7R C0201 in D:\Resume\Sample 1\Sheets\Sheet_2.SchDoc with X7R C0201 from Capacitor GOST.SchLib
Replace Part C21 X7R C0201 in D:\Resume\Sample 1\Sheets\Sheet_2.SchDoc with X7R C0201 from Capacitor GOST.SchLib
Replace Part C22 X7R C0201 in D:\Resume\Sample 1\Sheets\Sheet_2.SchDoc with X7R C0201 from Capacitor GOST.SchLib
Replace Part DA2 BQ25121A in D:\Resume\Sample 1\Sheets\Sheet_2.SchDoc with BQ25121A from Battery Control GOST.SchLib
Replace Part DA3 TLV9042SIRUGR in D:\Resume\Sample 1\Sheets\Sheet_2.SchDoc with TLV9042SIRUGR from OPA GOST.SchLib
Replace Part DA3 TLV9042SIRUGR in D:\Resume\Sample 1\Sheets\Sheet_2.SchDoc with TLV9042SIRUGR from OPA GOST.SchLib
Replace Part DA4 TLV9042SIRUGR in D:\Resume\Sample 1\Sheets\Sheet_2.SchDoc with TLV9042SIRUGR from OPA GOST.SchLib
Replace Part DA4 TLV9042SIRUGR in D:\Resume\Sample 1\Sheets\Sheet_2.SchDoc with TLV9042SIRUGR from OPA GOST.SchLib
Replace Part DA5 INA317IDGKT in D:\Resume\Sample 1\Sheets\Sheet_2.SchDoc with INA317IDGKT from OPA GOST.SchLib
Replace Part HL1 FYLS-0603UGC in D:\Resume\Sample 1\Sheets\Sheet_2.SchDoc with FYLS-0603UGC from Led GOST.SchLib
Replace Part L2 GLFR1608T2R2M-LR in D:\Resume\Sample 1\Sheets\Sheet_2.SchDoc with GLFR1608T2R2M-LR from Coil GOST.SchLib
Replace Part R5 R0201 in D:\Resume\Sample 1\Sheets\Sheet_2.SchDoc with R0201 from Resistor GOST.SchLib
Replace Part R6 R0201 in D:\Resume\Sample 1\Sheets\Sheet_2.SchDoc with R0201 from Resistor GOST.SchLib
Replace Part R7 R0201 in D:\Resume\Sample 1\Sheets\Sheet_2.SchDoc with R0201 from Resistor GOST.SchLib
Replace Part R8 R0201 in D:\Resume\Sample 1\Sheets\Sheet_2.SchDoc with R0201 from Resistor GOST.SchLib
Replace Part R9 R0201 in D:\Resume\Sample 1\Sheets\Sheet_2.SchDoc with R0201 from Resistor GOST.SchLib
Replace Part R10 R0201 in D:\Resume\Sample 1\Sheets\Sheet_2.SchDoc with R0201 from Resistor GOST.SchLib
Replace Part R11 R0201 in D:\Resume\Sample 1\Sheets\Sheet_2.SchDoc with R0201 from Resistor GOST.SchLib
Replace Part R12 R0201 in D:\Resume\Sample 1\Sheets\Sheet_2.SchDoc with R0201 from Resistor GOST.SchLib
Replace Part R13 R0201 in D:\Resume\Sample 1\Sheets\Sheet_2.SchDoc with R0201 from Resistor GOST.SchLib
Replace Part R14 R0201 in D:\Resume\Sample 1\Sheets\Sheet_2.SchDoc with R0201 from Resistor GOST.SchLib
Replace Part R15 R0201 in D:\Resume\Sample 1\Sheets\Sheet_2.SchDoc with R0201 from Resistor GOST.SchLib
Replace Part R16 R0201 in D:\Resume\Sample 1\Sheets\Sheet_2.SchDoc with R0201 from Resistor GOST.SchLib
Replace Part R17 R0201 in D:\Resume\Sample 1\Sheets\Sheet_2.SchDoc with R0201 from Resistor GOST.SchLib
Replace Part R18 R0201 in D:\Resume\Sample 1\Sheets\Sheet_2.SchDoc with R0201 from Resistor GOST.SchLib
Replace Part R19 R0201 in D:\Resume\Sample 1\Sheets\Sheet_2.SchDoc with R0201 from Resistor GOST.SchLib
Replace Part R20 R0201 in D:\Resume\Sample 1\Sheets\Sheet_2.SchDoc with R0201 from Resistor GOST.SchLib
Replace Part R21 R0201 in D:\Resume\Sample 1\Sheets\Sheet_2.SchDoc with R0201 from Resistor GOST.SchLib
Replace Part R22 R0201 in D:\Resume\Sample 1\Sheets\Sheet_2.SchDoc with R0201 from Resistor GOST.SchLib
Replace Part R23 R0201 in D:\Resume\Sample 1\Sheets\Sheet_2.SchDoc with R0201 from Resistor GOST.SchLib
Replace Part R24 R0201 in D:\Resume\Sample 1\Sheets\Sheet_2.SchDoc with R0201 from Resistor GOST.SchLib
Replace Part R25 R0201 in D:\Resume\Sample 1\Sheets\Sheet_2.SchDoc with R0201 from Resistor GOST.SchLib
Replace Part R26 R0201 in D:\Resume\Sample 1\Sheets\Sheet_2.SchDoc with R0201 from Resistor GOST.SchLib
Replace Part R27 R0201 in D:\Resume\Sample 1\Sheets\Sheet_2.SchDoc with R0201 from Resistor GOST.SchLib
Replace Part R28 R0201 in D:\Resume\Sample 1\Sheets\Sheet_2.SchDoc with R0201 from Resistor GOST.SchLib
Replace Part SB1 USLPT3737AL5TR in D:\Resume\Sample 1\Sheets\Sheet_2.SchDoc with USLPT3737AL5TR from Button GOST.SchLib
Replace Part X1 Contact in D:\Resume\Sample 1\Sheets\Sheet_2.SchDoc with Contact from Connector GOST.SchLib
Replace Part X2 Contact in D:\Resume\Sample 1\Sheets\Sheet_2.SchDoc with Contact from Connector GOST.SchLib
Replace Part X3 Contact in D:\Resume\Sample 1\Sheets\Sheet_2.SchDoc with Contact from Connector GOST.SchLib
Replace Part X4 Contact in D:\Resume\Sample 1\Sheets\Sheet_2.SchDoc with Contact from Connector GOST.SchLib
Replace Part X5 Contact in D:\Resume\Sample 1\Sheets\Sheet_2.SchDoc with Contact from Connector GOST.SchLib
Replace Part X6 Contact in D:\Resume\Sample 1\Sheets\Sheet_2.SchDoc with Contact from Connector GOST.SchLib
Replace Part X7 Contact in D:\Resume\Sample 1\Sheets\Sheet_2.SchDoc with Contact from Connector GOST.SchLib
Replace Part XS2 C5812-04BDGHNTR in D:\Resume\Sample 1\Sheets\Sheet_2.SchDoc with C5812-04BDGHNTR from Connector GOST.SchLib
Replace Part XS3 C5812-04BDGHNTR in D:\Resume\Sample 1\Sheets\Sheet_2.SchDoc with C5812-04BDGHNTR from Connector GOST.SchLib
Replace Part XS4 C5812-04BDGHNTR in D:\Resume\Sample 1\Sheets\Sheet_2.SchDoc with C5812-04BDGHNTR from Connector GOST.SchLib
