Change Component Designator: Old Designator=C? New Designator=C1
Change Component Designator: Old Designator=C? New Designator=C2
Change Component Designator: Old Designator=C? New Designator=C3
Change Component Designator: Old Designator=C? New Designator=C4
Change Component Designator: Old Designator=C? New Designator=C5
Change Component Designator: Old Designator=C? New Designator=C6
Change Component Designator: Old Designator=C? New Designator=C7
Change Component Designator: Old Designator=C? New Designator=C8
Change Component Designator: Old Designator=C? New Designator=C9
Change Component Designator: Old Designator=C? New Designator=C10
Change Component Designator: Old Designator=C? New Designator=C11
Change Component Designator: Old Designator=DD? New Designator=DD1
Change Component Designator: Old Designator=FP? New Designator=FP1
Change Component Designator: Old Designator=L? New Designator=L1
Change Component Designator: Old Designator=R? New Designator=R1
Change Component Designator: Old Designator=R? New Designator=R2
Change Component Designator: Old Designator=R? New Designator=R3
Change Component Designator: Old Designator=R? New Designator=R4
Change Component Designator: Old Designator=VD? New Designator=VD1
Change Component Designator: Old Designator=VD? New Designator=VD2
Change Component Designator: Old Designator=WA? New Designator=WA1
Change Component Designator: Old Designator=XS? New Designator=XS1
Change Component Designator: Old Designator=XT? New Designator=XT1
Change Component Designator: Old Designator=XT? New Designator=XT2
Change Component Designator: Old Designator=XT? New Designator=XT3
Change Component Designator: Old Designator=XT? New Designator=XT4
Change Component Designator: Old Designator=XT? New Designator=XT5
Change Component Designator: Old Designator=ZQ? New Designator=ZQ1
Change Component Designator: Old Designator=ZQ? New Designator=ZQ2
